
<!DOCTYPE html>
<html>


<head>
	<meta charset='utf-8' /> 
	<meta name='description' content='' />
	<meta name='robots' content='noodp, noydir' />
	<meta name='viewport' content='width=device-width, initial-scale=1' />
	<meta id="timeStampFormat" name="timeStampFormat" content='MMM d, yyyy hh:mm:ss a'/>
	
	<link href='https://fonts.googleapis.com/css?family=Source+Sans+Pro:400,600' rel='stylesheet' type='text/css' />
	<link href="https://fonts.googleapis.com/icon?family=Material+Icons" rel="stylesheet" />

		<link href='https://cdn.rawgit.com/anshooarora/extentreports-java/b4a58fcfd1e137bd9287244035a7c80d3d73b3af/dist/css/extent.css' type='text/css' rel='stylesheet' />
	
	<title>ExtentReports</title>

	<style type='text/css'>
	</style>
</head>

	<body class='extent standard default hide-overflow '>
		<div id='theme-selector' alt='Click to toggle theme. To enable by default, use theme configuration.' title='Click to toggle theme. To enable by default, use theme configuration.'>
			<span><i class='material-icons'>desktop_windows</i></span>
		</div>

<nav>
	<div class="nav-wrapper">
		<a href="#!" class="brand-logo blue darken-3">Extent</a>

		<!-- slideout menu -->
		<ul id='slide-out' class='side-nav fixed hide-on-med-and-down'>
			<li class='waves-effect active'><a href='#!' view='test-view' onclick="configureView(0);chartsView('test');"><i class='material-icons'>dashboard</i></a></li>
						<li class='waves-effect'><a href='#!' view='exception-view' onclick="configureView(2)"><i class='material-icons'>bug_report</i></a></li>
			<li class='waves-effect'><a href='#!' onclick="configureView(-1);chartsView('dashboard');" view='dashboard-view'><i class='material-icons'>track_changes</i></i></a></li>
		</ul>

		<!-- report name -->
		<span class='report-name'>ExtentReports</span>
		
		<!-- report headline -->
		<span class='report-headline'></span>

		<!-- nav-right -->
		<ul id='nav-mobile' class='right hide-on-med-and-down nav-right'>
			<li>
                <a href='#!'>
                    <span class='label suite-start-time blue darken-3'>Apr 3, 2024 01:21:31 PM</span>
				</a>
			</li>
			<li>
                <a href='#!'>
                    <span class='label blue darken-3'>3.1.5</span>
				</a>
			</li>
		</ul>
	</div>
</nav>

		<!-- container -->
		<div class='container'>

<div id='test-view' class='view'>
				
	<section id='controls'>
		<div class='controls grey lighten-4'>
			<!-- test toggle -->
			<div class='chip transparent'>
				<a class='dropdown-button tests-toggle' data-activates='tests-toggle' data-constrainwidth='true' data-beloworigin='true' data-hover='true' href='#'>
					<i class='material-icons'>warning</i> Status
				</a>
				<ul id='tests-toggle' class='dropdown-content'>
											<li status='fail'><a href='#!'>Fail <i class='material-icons red-text'>cancel</i></a></li>
					<li class='divider'></li>
					<li status='clear' clear='true'><a href='#!'>Clear Filters <i class='material-icons'>clear</i></a></li>
				</ul>
			</div>
			<!-- test toggle -->

			<!-- category toggle -->
			<!-- category toggle -->

			<!-- clear filters -->
			<div class='chip transparent hide'>
				<a class='' id='clear-filters' alt='Clear Filters' title='Clear Filters'>
					<i class='material-icons'>close</i> Clear
				</a>
			</div>
			<!-- clear filters -->

			<!-- enable dashboard -->
			<div id='toggle-test-view-charts' class='chip transparent'>
				<a class='pink-text' id='enable-dashboard' alt='Enable Dashboard' title='Enable Dashboard'>
					<i class='material-icons'>track_changes</i> Dashboard
				</a>
			</div>
			<!-- enable dashboard -->

			<!-- search -->
			<div class='chip transparent' alt='Search Tests' title='Search Tests'>
				<a href="#" class='search-div'>
					<i class='material-icons'>search</i> Search
				</a>

				<div class='input-field left hide'>
					<input id='search-tests' type='text' class='validate browser-default' placeholder='Search Tests...'>
				</div>
				
			</div>
			<!-- search -->
		</div>
	</section>


<div id='test-view-charts' class='subview-full'>
	<div id='charts-row' class='row nm-v nm-h'>
		<div class='col s12 m6 l6 np-h'>
			<div class='card-panel nm-v'>
				<div class='left panel-name'>Tests</div>
				<div class='chart-box'>
					<canvas id='parent-analysis' width='100' height='80'></canvas>
				</div>
				<div class='block text-small'>
					<span class='tooltipped' data-position='top' data-tooltip='73.333%'><span class='strong'>22</span> test(s) passed</span>
				</div>
				<div class='block text-small'>
					<span class='strong tooltipped' data-position='top' data-tooltip='26.667%'>8</span> test(s) failed, <span class='strong tooltipped' data-position='top' data-tooltip='0%'>0</span> others
				</div>
			</div>
		</div>
		
		<div class='col s12 m6 l6 np-h'>
			<div class='card-panel nm-v'>
				<div class='left panel-name'>Steps</div>
				<div class='chart-box'>
					<canvas id='child-analysis' width='100' height='80'></canvas>
				</div>
				<div class='block text-small'>
					<span class='tooltipped' data-position='top' data-tooltip='0%'><span class='strong'>0</span> step(s) passed</span>
				</div>
				<div class='block text-small'>
					<span class='strong tooltipped' data-position='top' data-tooltip='100%'>8</span> step(s) failed, <span class='strong tooltipped' data-position='top' data-tooltip='0%'>0</span> others
				</div>
			</div>
		</div>
		
	</div>
</div>

	<div class='subview-left left'>
		
		<div class='view-summary'>
			<h5>Tests</h5>
			<ul id='test-collection' class='test-collection'>
				
				
				<li class='test displayed active  pass' status='pass' bdd='false' test-id='1'>
					<div class='test-heading'>
						<span class='test-name'>testAbout</span>
						<span class='test-time'>Apr 3, 2024 01:21:36 PM</span>
						<span class='test-status right pass'>pass</span>
					</div>
					<div class='test-content hide'>
<div class='test-time-info'>
	<span class='label start-time'>Apr 3, 2024 01:21:36 PM</span>
	<span class='label end-time'>Apr 3, 2024 01:21:36 PM</span>
	<span class='label time-taken grey lighten-1 white-text'>0h 0m 0s+0ms</span>
</div>
					</div>
				</li>
				
				
				<li class='test displayed active  fail' status='fail' bdd='false' test-id='2'>
					<div class='test-heading'>
						<span class='test-name'>testAllCategory</span>
						<span class='test-time'>Apr 3, 2024 01:21:38 PM</span>
						<span class='test-status right fail'>fail</span>
					</div>
					<div class='test-content hide'>
<div class='test-time-info'>
	<span class='label start-time'>Apr 3, 2024 01:21:38 PM</span>
	<span class='label end-time'>Apr 3, 2024 01:21:38 PM</span>
	<span class='label time-taken grey lighten-1 white-text'>0h 0m 0s+224ms</span>
</div>
	<div class='test-steps'>
		<table class='bordered table-results'>
			<thead>
				<tr>
					<th>Status</th>
					<th>Timestamp</th>
					<th>Details</th>
				</tr>
			</thead>
			<tbody>
				<tr class='log' status='fail'>
					<td class='status fail' title='fail' alt='fail'><i class='material-icons'>cancel</i></td>
					<td class='timestamp'>1:21:38 PM</td>
					<td class='step-details'><pre>java.lang.AssertionError: expected [https://cart.ebay.com/] but found [https://www.ebay.com/]
	at org.testng.Assert.fail(Assert.java:111)
	at org.testng.Assert.failNotEquals(Assert.java:1578)
	at org.testng.Assert.assertEqualsImpl(Assert.java:150)
	at org.testng.Assert.assertEquals(Assert.java:132)
	at org.testng.Assert.assertEquals(Assert.java:656)
	at org.testng.Assert.assertEquals(Assert.java:666)
	at HomeTest.testAllCategory(HomeTest.java:108)
	at java.base/jdk.internal.reflect.NativeMethodAccessorImpl.invoke0(Native Method)
	at java.base/jdk.internal.reflect.NativeMethodAccessorImpl.invoke(NativeMethodAccessorImpl.java:77)
	at java.base/jdk.internal.reflect.DelegatingMethodAccessorImpl.invoke(DelegatingMethodAccessorImpl.java:43)
	at java.base/java.lang.reflect.Method.invoke(Method.java:568)
	at org.testng.internal.invokers.MethodInvocationHelper.invokeMethod(MethodInvocationHelper.java:139)
	at org.testng.internal.invokers.TestInvoker.invokeMethod(TestInvoker.java:664)
	at org.testng.internal.invokers.TestInvoker.invokeTestMethod(TestInvoker.java:227)
	at org.testng.internal.invokers.MethodRunner.runInSequence(MethodRunner.java:50)
	at org.testng.internal.invokers.TestInvoker$MethodInvocationAgent.invoke(TestInvoker.java:957)
	at org.testng.internal.invokers.TestInvoker.invokeTestMethods(TestInvoker.java:200)
	at org.testng.internal.invokers.TestMethodWorker.invokeTestMethods(TestMethodWorker.java:148)
	at org.testng.internal.invokers.TestMethodWorker.run(TestMethodWorker.java:128)
	at java.base/java.util.ArrayList.forEach(ArrayList.java:1511)
	at org.testng.TestRunner.privateRun(TestRunner.java:848)
	at org.testng.TestRunner.run(TestRunner.java:621)
	at org.testng.SuiteRunner.runTest(SuiteRunner.java:443)
	at org.testng.SuiteRunner.runSequentially(SuiteRunner.java:437)
	at org.testng.SuiteRunner.privateRun(SuiteRunner.java:397)
	at org.testng.SuiteRunner.run(SuiteRunner.java:336)
	at org.testng.SuiteRunnerWorker.runSuite(SuiteRunnerWorker.java:52)
	at org.testng.SuiteRunnerWorker.run(SuiteRunnerWorker.java:95)
	at org.testng.TestNG.runSuitesSequentially(TestNG.java:1280)
	at org.testng.TestNG.runSuitesLocally(TestNG.java:1200)
	at org.testng.TestNG.runSuites(TestNG.java:1114)
	at org.testng.TestNG.run(TestNG.java:1082)
	at com.intellij.rt.testng.IDEARemoteTestNG.run(IDEARemoteTestNG.java:66)
	at com.intellij.rt.testng.RemoteTestNGStarter.main(RemoteTestNGStarter.java:105)
</pre></td>
				</tr>
			</tbody>
		</table>
	</div>
					</div>
				</li>
				
				
				<li class='test displayed active  pass' status='pass' bdd='false' test-id='3'>
					<div class='test-heading'>
						<span class='test-name'>testComputers</span>
						<span class='test-time'>Apr 3, 2024 01:21:43 PM</span>
						<span class='test-status right pass'>pass</span>
					</div>
					<div class='test-content hide'>
<div class='test-time-info'>
	<span class='label start-time'>Apr 3, 2024 01:21:43 PM</span>
	<span class='label end-time'>Apr 3, 2024 01:21:43 PM</span>
	<span class='label time-taken grey lighten-1 white-text'>0h 0m 0s+0ms</span>
</div>
					</div>
				</li>
				
				
				<li class='test displayed active  pass' status='pass' bdd='false' test-id='4'>
					<div class='test-heading'>
						<span class='test-name'>testDailyDeals</span>
						<span class='test-time'>Apr 3, 2024 01:21:53 PM</span>
						<span class='test-status right pass'>pass</span>
					</div>
					<div class='test-content hide'>
<div class='test-time-info'>
	<span class='label start-time'>Apr 3, 2024 01:21:53 PM</span>
	<span class='label end-time'>Apr 3, 2024 01:21:53 PM</span>
	<span class='label time-taken grey lighten-1 white-text'>0h 0m 0s+0ms</span>
</div>
					</div>
				</li>
				
				
				<li class='test displayed active  pass' status='pass' bdd='false' test-id='5'>
					<div class='test-heading'>
						<span class='test-name'>testEbayLogo</span>
						<span class='test-time'>Apr 3, 2024 01:21:58 PM</span>
						<span class='test-status right pass'>pass</span>
					</div>
					<div class='test-content hide'>
<div class='test-time-info'>
	<span class='label start-time'>Apr 3, 2024 01:21:58 PM</span>
	<span class='label end-time'>Apr 3, 2024 01:21:58 PM</span>
	<span class='label time-taken grey lighten-1 white-text'>0h 0m 0s+0ms</span>
</div>
					</div>
				</li>
				
				
				<li class='test displayed active  pass' status='pass' bdd='false' test-id='6'>
					<div class='test-heading'>
						<span class='test-name'>testElectronics</span>
						<span class='test-time'>Apr 3, 2024 01:22:02 PM</span>
						<span class='test-status right pass'>pass</span>
					</div>
					<div class='test-content hide'>
<div class='test-time-info'>
	<span class='label start-time'>Apr 3, 2024 01:22:02 PM</span>
	<span class='label end-time'>Apr 3, 2024 01:22:02 PM</span>
	<span class='label time-taken grey lighten-1 white-text'>0h 0m 0s+0ms</span>
</div>
					</div>
				</li>
				
				
				<li class='test displayed active  pass' status='pass' bdd='false' test-id='7'>
					<div class='test-heading'>
						<span class='test-name'>testFashion</span>
						<span class='test-time'>Apr 3, 2024 01:22:08 PM</span>
						<span class='test-status right pass'>pass</span>
					</div>
					<div class='test-content hide'>
<div class='test-time-info'>
	<span class='label start-time'>Apr 3, 2024 01:22:08 PM</span>
	<span class='label end-time'>Apr 3, 2024 01:22:08 PM</span>
	<span class='label time-taken grey lighten-1 white-text'>0h 0m 0s+0ms</span>
</div>
					</div>
				</li>
				
				
				<li class='test displayed active  pass' status='pass' bdd='false' test-id='8'>
					<div class='test-heading'>
						<span class='test-name'>testSearch</span>
						<span class='test-time'>Apr 3, 2024 01:22:14 PM</span>
						<span class='test-status right pass'>pass</span>
					</div>
					<div class='test-content hide'>
<div class='test-time-info'>
	<span class='label start-time'>Apr 3, 2024 01:22:14 PM</span>
	<span class='label end-time'>Apr 3, 2024 01:22:14 PM</span>
	<span class='label time-taken grey lighten-1 white-text'>0h 0m 0s+0ms</span>
</div>
					</div>
				</li>
				
				
				<li class='test displayed active  pass' status='pass' bdd='false' test-id='9'>
					<div class='test-heading'>
						<span class='test-name'>testSellNow</span>
						<span class='test-time'>Apr 3, 2024 01:22:22 PM</span>
						<span class='test-status right pass'>pass</span>
					</div>
					<div class='test-content hide'>
<div class='test-time-info'>
	<span class='label start-time'>Apr 3, 2024 01:22:22 PM</span>
	<span class='label end-time'>Apr 3, 2024 01:22:22 PM</span>
	<span class='label time-taken grey lighten-1 white-text'>0h 0m 0s+0ms</span>
</div>
					</div>
				</li>
				
				
				<li class='test displayed active  pass' status='pass' bdd='false' test-id='10'>
					<div class='test-heading'>
						<span class='test-name'>testStartSelling</span>
						<span class='test-time'>Apr 3, 2024 01:22:29 PM</span>
						<span class='test-status right pass'>pass</span>
					</div>
					<div class='test-content hide'>
<div class='test-time-info'>
	<span class='label start-time'>Apr 3, 2024 01:22:29 PM</span>
	<span class='label end-time'>Apr 3, 2024 01:22:29 PM</span>
	<span class='label time-taken grey lighten-1 white-text'>0h 0m 0s+0ms</span>
</div>
					</div>
				</li>
				
				
				<li class='test displayed active  fail' status='fail' bdd='false' test-id='11'>
					<div class='test-heading'>
						<span class='test-name'>testWomenClothing</span>
						<span class='test-time'>Apr 3, 2024 01:22:34 PM</span>
						<span class='test-status right fail'>fail</span>
					</div>
					<div class='test-content hide'>
<div class='test-time-info'>
	<span class='label start-time'>Apr 3, 2024 01:22:34 PM</span>
	<span class='label end-time'>Apr 3, 2024 01:22:39 PM</span>
	<span class='label time-taken grey lighten-1 white-text'>0h 0m 5s+268ms</span>
</div>
	<div class='test-steps'>
		<table class='bordered table-results'>
			<thead>
				<tr>
					<th>Status</th>
					<th>Timestamp</th>
					<th>Details</th>
				</tr>
			</thead>
			<tbody>
				<tr class='log' status='fail'>
					<td class='status fail' title='fail' alt='fail'><i class='material-icons'>cancel</i></td>
					<td class='timestamp'>1:22:39 PM</td>
					<td class='step-details'><textarea>org.openqa.selenium.ElementNotInteractableException: element not interactable
  (Session info: chrome=123.0.6312.105)
Build info: version: '4.17.0', revision: 'e52b1be057*'
System info: os.name: 'Windows 11', os.arch: 'amd64', os.version: '10.0', java.version: '17.0.8'
Driver info: org.openqa.selenium.chrome.ChromeDriver
Command: [7cae3842c7c5c0535745ce284a6666e1, clickElement {id=f.08C6D9036A0C19B9F4C3DA4C5E03FF1A.d.ECC76444D15C61987BF66668673CFFD2.e.45}]
Capabilities {acceptInsecureCerts: false, browserName: chrome, browserVersion: 123.0.6312.105, chrome: {chromedriverVersion: 123.0.6312.86 (9b72c47a0536..., userDataDir: C:\Users\nibed\AppData\Loca...}, fedcm:accounts: true, goog:chromeOptions: {debuggerAddress: localhost:59903}, networkConnectionEnabled: false, pageLoadStrategy: normal, platformName: windows, proxy: Proxy(), se:cdp: ws://localhost:59903/devtoo..., se:cdpVersion: 123.0.6312.105, setWindowRect: true, strictFileInteractability: false, timeouts: {implicit: 0, pageLoad: 300000, script: 30000}, unhandledPromptBehavior: dismiss and notify, webauthn:extension:credBlob: true, webauthn:extension:largeBlob: true, webauthn:extension:minPinLength: true, webauthn:extension:prf: true, webauthn:virtualAuthenticators: true}
Element: [[ChromeDriver: chrome on windows (7cae3842c7c5c0535745ce284a6666e1)] -> xpath: //a[@_sp="p4375194.m1383.l3251"]]
Session ID: 7cae3842c7c5c0535745ce284a6666e1
	at java.base/jdk.internal.reflect.NativeConstructorAccessorImpl.newInstance0(Native Method)
	at java.base/jdk.internal.reflect.NativeConstructorAccessorImpl.newInstance(NativeConstructorAccessorImpl.java:77)
	at java.base/jdk.internal.reflect.DelegatingConstructorAccessorImpl.newInstance(DelegatingConstructorAccessorImpl.java:45)
	at java.base/java.lang.reflect.Constructor.newInstanceWithCaller(Constructor.java:499)
	at java.base/java.lang.reflect.Constructor.newInstance(Constructor.java:480)
	at org.openqa.selenium.remote.codec.w3c.W3CHttpResponseCodec.createException(W3CHttpResponseCodec.java:185)
	at org.openqa.selenium.remote.codec.w3c.W3CHttpResponseCodec.decode(W3CHttpResponseCodec.java:134)
	at org.openqa.selenium.remote.codec.w3c.W3CHttpResponseCodec.decode(W3CHttpResponseCodec.java:51)
	at org.openqa.selenium.remote.HttpCommandExecutor.execute(HttpCommandExecutor.java:190)
	at org.openqa.selenium.remote.service.DriverCommandExecutor.invokeExecute(DriverCommandExecutor.java:216)
	at org.openqa.selenium.remote.service.DriverCommandExecutor.execute(DriverCommandExecutor.java:174)
	at org.openqa.selenium.remote.RemoteWebDriver.execute(RemoteWebDriver.java:519)
	at org.openqa.selenium.remote.RemoteWebElement.execute(RemoteWebElement.java:223)
	at org.openqa.selenium.remote.RemoteWebElement.click(RemoteWebElement.java:76)
	at java.base/jdk.internal.reflect.NativeMethodAccessorImpl.invoke0(Native Method)
	at java.base/jdk.internal.reflect.NativeMethodAccessorImpl.invoke(NativeMethodAccessorImpl.java:77)
	at java.base/jdk.internal.reflect.DelegatingMethodAccessorImpl.invoke(DelegatingMethodAccessorImpl.java:43)
	at java.base/java.lang.reflect.Method.invoke(Method.java:568)
	at org.openqa.selenium.support.pagefactory.internal.LocatingElementHandler.invoke(LocatingElementHandler.java:51)
	at jdk.proxy2/jdk.proxy2.$Proxy11.click(Unknown Source)
	at Homepage.clickwomenClothing(Homepage.java:70)
	at HomeTest.testWomenClothing(HomeTest.java:44)
	at java.base/jdk.internal.reflect.NativeMethodAccessorImpl.invoke0(Native Method)
	at java.base/jdk.internal.reflect.NativeMethodAccessorImpl.invoke(NativeMethodAccessorImpl.java:77)
	at java.base/jdk.internal.reflect.DelegatingMethodAccessorImpl.invoke(DelegatingMethodAccessorImpl.java:43)
	at java.base/java.lang.reflect.Method.invoke(Method.java:568)
	at org.testng.internal.invokers.MethodInvocationHelper.invokeMethod(MethodInvocationHelper.java:139)
	at org.testng.internal.invokers.TestInvoker.invokeMethod(TestInvoker.java:664)
	at org.testng.internal.invokers.TestInvoker.invokeTestMethod(TestInvoker.java:227)
	at org.testng.internal.invokers.MethodRunner.runInSequence(MethodRunner.java:50)
	at org.testng.internal.invokers.TestInvoker$MethodInvocationAgent.invoke(TestInvoker.java:957)
	at org.testng.internal.invokers.TestInvoker.invokeTestMethods(TestInvoker.java:200)
	at org.testng.internal.invokers.TestMethodWorker.invokeTestMethods(TestMethodWorker.java:148)
	at org.testng.internal.invokers.TestMethodWorker.run(TestMethodWorker.java:128)
	at java.base/java.util.ArrayList.forEach(ArrayList.java:1511)
	at org.testng.TestRunner.privateRun(TestRunner.java:848)
	at org.testng.TestRunner.run(TestRunner.java:621)
	at org.testng.SuiteRunner.runTest(SuiteRunner.java:443)
	at org.testng.SuiteRunner.runSequentially(SuiteRunner.java:437)
	at org.testng.SuiteRunner.privateRun(SuiteRunner.java:397)
	at org.testng.SuiteRunner.run(SuiteRunner.java:336)
	at org.testng.SuiteRunnerWorker.runSuite(SuiteRunnerWorker.java:52)
	at org.testng.SuiteRunnerWorker.run(SuiteRunnerWorker.java:95)
	at org.testng.TestNG.runSuitesSequentially(TestNG.java:1280)
	at org.testng.TestNG.runSuitesLocally(TestNG.java:1200)
	at org.testng.TestNG.runSuites(TestNG.java:1114)
	at org.testng.TestNG.run(TestNG.java:1082)
	at com.intellij.rt.testng.IDEARemoteTestNG.run(IDEARemoteTestNG.java:66)
	at com.intellij.rt.testng.RemoteTestNGStarter.main(RemoteTestNGStarter.java:105)
</textarea></td>
				</tr>
			</tbody>
		</table>
	</div>
					</div>
				</li>
				
				
				<li class='test displayed active  fail' status='fail' bdd='false' test-id='12'>
					<div class='test-heading'>
						<span class='test-name'>testshopByCategory</span>
						<span class='test-time'>Apr 3, 2024 01:22:42 PM</span>
						<span class='test-status right fail'>fail</span>
					</div>
					<div class='test-content hide'>
<div class='test-time-info'>
	<span class='label start-time'>Apr 3, 2024 01:22:42 PM</span>
	<span class='label end-time'>Apr 3, 2024 01:22:47 PM</span>
	<span class='label time-taken grey lighten-1 white-text'>0h 0m 5s+233ms</span>
</div>
	<div class='test-steps'>
		<table class='bordered table-results'>
			<thead>
				<tr>
					<th>Status</th>
					<th>Timestamp</th>
					<th>Details</th>
				</tr>
			</thead>
			<tbody>
				<tr class='log' status='fail'>
					<td class='status fail' title='fail' alt='fail'><i class='material-icons'>cancel</i></td>
					<td class='timestamp'>1:22:47 PM</td>
					<td class='step-details'><pre>org.openqa.selenium.NoSuchElementException: no such element: Unable to locate element: {"method":"xpath","selector":"//div[@class="gh-control"]"}
  (Session info: chrome=123.0.6312.105)
For documentation on this error, please visit: https://www.selenium.dev/documentation/webdriver/troubleshooting/errors#no-such-element-exception
Build info: version: '4.17.0', revision: 'e52b1be057*'
System info: os.name: 'Windows 11', os.arch: 'amd64', os.version: '10.0', java.version: '17.0.8'
Driver info: org.openqa.selenium.chrome.ChromeDriver
Command: [fb884f4ece355f70ba320376ca78e5b6, findElement {value=//div[@class="gh-control"], using=xpath}]
Capabilities {acceptInsecureCerts: false, browserName: chrome, browserVersion: 123.0.6312.105, chrome: {chromedriverVersion: 123.0.6312.86 (9b72c47a0536..., userDataDir: C:\Users\nibed\AppData\Loca...}, fedcm:accounts: true, goog:chromeOptions: {debuggerAddress: localhost:60005}, networkConnectionEnabled: false, pageLoadStrategy: normal, platformName: windows, proxy: Proxy(), se:cdp: ws://localhost:60005/devtoo..., se:cdpVersion: 123.0.6312.105, setWindowRect: true, strictFileInteractability: false, timeouts: {implicit: 0, pageLoad: 300000, script: 30000}, unhandledPromptBehavior: dismiss and notify, webauthn:extension:credBlob: true, webauthn:extension:largeBlob: true, webauthn:extension:minPinLength: true, webauthn:extension:prf: true, webauthn:virtualAuthenticators: true}
Session ID: fb884f4ece355f70ba320376ca78e5b6
	at java.base/jdk.internal.reflect.NativeConstructorAccessorImpl.newInstance0(Native Method)
	at java.base/jdk.internal.reflect.NativeConstructorAccessorImpl.newInstance(NativeConstructorAccessorImpl.java:77)
	at java.base/jdk.internal.reflect.DelegatingConstructorAccessorImpl.newInstance(DelegatingConstructorAccessorImpl.java:45)
	at java.base/java.lang.reflect.Constructor.newInstanceWithCaller(Constructor.java:499)
	at java.base/java.lang.reflect.Constructor.newInstance(Constructor.java:480)
	at org.openqa.selenium.remote.codec.w3c.W3CHttpResponseCodec.createException(W3CHttpResponseCodec.java:185)
	at org.openqa.selenium.remote.codec.w3c.W3CHttpResponseCodec.decode(W3CHttpResponseCodec.java:134)
	at org.openqa.selenium.remote.codec.w3c.W3CHttpResponseCodec.decode(W3CHttpResponseCodec.java:51)
	at org.openqa.selenium.remote.HttpCommandExecutor.execute(HttpCommandExecutor.java:190)
	at org.openqa.selenium.remote.service.DriverCommandExecutor.invokeExecute(DriverCommandExecutor.java:216)
	at org.openqa.selenium.remote.service.DriverCommandExecutor.execute(DriverCommandExecutor.java:174)
	at org.openqa.selenium.remote.RemoteWebDriver.execute(RemoteWebDriver.java:519)
	at org.openqa.selenium.remote.ElementLocation$ElementFinder$2.findElement(ElementLocation.java:165)
	at org.openqa.selenium.remote.ElementLocation.findElement(ElementLocation.java:59)
	at org.openqa.selenium.remote.RemoteWebDriver.findElement(RemoteWebDriver.java:356)
	at org.openqa.selenium.remote.RemoteWebDriver.findElement(RemoteWebDriver.java:350)
	at org.openqa.selenium.support.pagefactory.DefaultElementLocator.findElement(DefaultElementLocator.java:68)
	at org.openqa.selenium.support.pagefactory.internal.LocatingElementHandler.invoke(LocatingElementHandler.java:38)
	at jdk.proxy2/jdk.proxy2.$Proxy11.click(Unknown Source)
	at Homepage.clickshopByCategory(Homepage.java:101)
	at HomeTest.testshopByCategory(HomeTest.java:94)
	at java.base/jdk.internal.reflect.NativeMethodAccessorImpl.invoke0(Native Method)
	at java.base/jdk.internal.reflect.NativeMethodAccessorImpl.invoke(NativeMethodAccessorImpl.java:77)
	at java.base/jdk.internal.reflect.DelegatingMethodAccessorImpl.invoke(DelegatingMethodAccessorImpl.java:43)
	at java.base/java.lang.reflect.Method.invoke(Method.java:568)
	at org.testng.internal.invokers.MethodInvocationHelper.invokeMethod(MethodInvocationHelper.java:139)
	at org.testng.internal.invokers.TestInvoker.invokeMethod(TestInvoker.java:664)
	at org.testng.internal.invokers.TestInvoker.invokeTestMethod(TestInvoker.java:227)
	at org.testng.internal.invokers.MethodRunner.runInSequence(MethodRunner.java:50)
	at org.testng.internal.invokers.TestInvoker$MethodInvocationAgent.invoke(TestInvoker.java:957)
	at org.testng.internal.invokers.TestInvoker.invokeTestMethods(TestInvoker.java:200)
	at org.testng.internal.invokers.TestMethodWorker.invokeTestMethods(TestMethodWorker.java:148)
	at org.testng.internal.invokers.TestMethodWorker.run(TestMethodWorker.java:128)
	at java.base/java.util.ArrayList.forEach(ArrayList.java:1511)
	at org.testng.TestRunner.privateRun(TestRunner.java:848)
	at org.testng.TestRunner.run(TestRunner.java:621)
	at org.testng.SuiteRunner.runTest(SuiteRunner.java:443)
	at org.testng.SuiteRunner.runSequentially(SuiteRunner.java:437)
	at org.testng.SuiteRunner.privateRun(SuiteRunner.java:397)
	at org.testng.SuiteRunner.run(SuiteRunner.java:336)
	at org.testng.SuiteRunnerWorker.runSuite(SuiteRunnerWorker.java:52)
	at org.testng.SuiteRunnerWorker.run(SuiteRunnerWorker.java:95)
	at org.testng.TestNG.runSuitesSequentially(TestNG.java:1280)
	at org.testng.TestNG.runSuitesLocally(TestNG.java:1200)
	at org.testng.TestNG.runSuites(TestNG.java:1114)
	at org.testng.TestNG.run(TestNG.java:1082)
	at com.intellij.rt.testng.IDEARemoteTestNG.run(IDEARemoteTestNG.java:66)
	at com.intellij.rt.testng.RemoteTestNGStarter.main(RemoteTestNGStarter.java:105)
</pre></td>
				</tr>
			</tbody>
		</table>
	</div>
					</div>
				</li>
				
				
				<li class='test displayed active  pass' status='pass' bdd='false' test-id='13'>
					<div class='test-heading'>
						<span class='test-name'>testAdvanced</span>
						<span class='test-time'>Apr 3, 2024 01:22:49 PM</span>
						<span class='test-status right pass'>pass</span>
					</div>
					<div class='test-content hide'>
<div class='test-time-info'>
	<span class='label start-time'>Apr 3, 2024 01:22:49 PM</span>
	<span class='label end-time'>Apr 3, 2024 01:22:49 PM</span>
	<span class='label time-taken grey lighten-1 white-text'>0h 0m 0s+0ms</span>
</div>
					</div>
				</li>
				
				
				<li class='test displayed active  fail' status='fail' bdd='false' test-id='14'>
					<div class='test-heading'>
						<span class='test-name'>testComments</span>
						<span class='test-time'>Apr 3, 2024 01:22:52 PM</span>
						<span class='test-status right fail'>fail</span>
					</div>
					<div class='test-content hide'>
<div class='test-time-info'>
	<span class='label start-time'>Apr 3, 2024 01:22:52 PM</span>
	<span class='label end-time'>Apr 3, 2024 01:22:52 PM</span>
	<span class='label time-taken grey lighten-1 white-text'>0h 0m 0s+149ms</span>
</div>
	<div class='test-steps'>
		<table class='bordered table-results'>
			<thead>
				<tr>
					<th>Status</th>
					<th>Timestamp</th>
					<th>Details</th>
				</tr>
			</thead>
			<tbody>
				<tr class='log' status='fail'>
					<td class='status fail' title='fail' alt='fail'><i class='material-icons'>cancel</i></td>
					<td class='timestamp'>1:22:52 PM</td>
					<td class='step-details'><pre>java.lang.AssertionError: expected [https://connect.ebay.com/srv/survey/a/payments.cart.survey] but found [https://cart.payments.ebay.com/]
	at org.testng.Assert.fail(Assert.java:111)
	at org.testng.Assert.failNotEquals(Assert.java:1578)
	at org.testng.Assert.assertEqualsImpl(Assert.java:150)
	at org.testng.Assert.assertEquals(Assert.java:132)
	at org.testng.Assert.assertEquals(Assert.java:656)
	at org.testng.Assert.assertEquals(Assert.java:666)
	at CartTest.testComments(CartTest.java:77)
	at java.base/jdk.internal.reflect.NativeMethodAccessorImpl.invoke0(Native Method)
	at java.base/jdk.internal.reflect.NativeMethodAccessorImpl.invoke(NativeMethodAccessorImpl.java:77)
	at java.base/jdk.internal.reflect.DelegatingMethodAccessorImpl.invoke(DelegatingMethodAccessorImpl.java:43)
	at java.base/java.lang.reflect.Method.invoke(Method.java:568)
	at org.testng.internal.invokers.MethodInvocationHelper.invokeMethod(MethodInvocationHelper.java:139)
	at org.testng.internal.invokers.TestInvoker.invokeMethod(TestInvoker.java:664)
	at org.testng.internal.invokers.TestInvoker.invokeTestMethod(TestInvoker.java:227)
	at org.testng.internal.invokers.MethodRunner.runInSequence(MethodRunner.java:50)
	at org.testng.internal.invokers.TestInvoker$MethodInvocationAgent.invoke(TestInvoker.java:957)
	at org.testng.internal.invokers.TestInvoker.invokeTestMethods(TestInvoker.java:200)
	at org.testng.internal.invokers.TestMethodWorker.invokeTestMethods(TestMethodWorker.java:148)
	at org.testng.internal.invokers.TestMethodWorker.run(TestMethodWorker.java:128)
	at java.base/java.util.ArrayList.forEach(ArrayList.java:1511)
	at org.testng.TestRunner.privateRun(TestRunner.java:848)
	at org.testng.TestRunner.run(TestRunner.java:621)
	at org.testng.SuiteRunner.runTest(SuiteRunner.java:443)
	at org.testng.SuiteRunner.runSequentially(SuiteRunner.java:437)
	at org.testng.SuiteRunner.privateRun(SuiteRunner.java:397)
	at org.testng.SuiteRunner.run(SuiteRunner.java:336)
	at org.testng.SuiteRunnerWorker.runSuite(SuiteRunnerWorker.java:52)
	at org.testng.SuiteRunnerWorker.run(SuiteRunnerWorker.java:95)
	at org.testng.TestNG.runSuitesSequentially(TestNG.java:1280)
	at org.testng.TestNG.runSuitesLocally(TestNG.java:1200)
	at org.testng.TestNG.runSuites(TestNG.java:1114)
	at org.testng.TestNG.run(TestNG.java:1082)
	at com.intellij.rt.testng.IDEARemoteTestNG.run(IDEARemoteTestNG.java:66)
	at com.intellij.rt.testng.RemoteTestNGStarter.main(RemoteTestNGStarter.java:105)
</pre></td>
				</tr>
			</tbody>
		</table>
	</div>
					</div>
				</li>
				
				
				<li class='test displayed active  fail' status='fail' bdd='false' test-id='15'>
					<div class='test-heading'>
						<span class='test-name'>testIssues</span>
						<span class='test-time'>Apr 3, 2024 01:22:55 PM</span>
						<span class='test-status right fail'>fail</span>
					</div>
					<div class='test-content hide'>
<div class='test-time-info'>
	<span class='label start-time'>Apr 3, 2024 01:22:55 PM</span>
	<span class='label end-time'>Apr 3, 2024 01:22:55 PM</span>
	<span class='label time-taken grey lighten-1 white-text'>0h 0m 0s+197ms</span>
</div>
	<div class='test-steps'>
		<table class='bordered table-results'>
			<thead>
				<tr>
					<th>Status</th>
					<th>Timestamp</th>
					<th>Details</th>
				</tr>
			</thead>
			<tbody>
				<tr class='log' status='fail'>
					<td class='status fail' title='fail' alt='fail'><i class='material-icons'>cancel</i></td>
					<td class='timestamp'>1:22:55 PM</td>
					<td class='step-details'><pre>org.openqa.selenium.NoSuchElementException: no such element: Unable to locate element: {"method":"css selector","selector":"[id="_1_2"]"}
  (Session info: chrome=123.0.6312.105)
For documentation on this error, please visit: https://www.selenium.dev/documentation/webdriver/troubleshooting/errors#no-such-element-exception
Build info: version: '4.17.0', revision: 'e52b1be057*'
System info: os.name: 'Windows 11', os.arch: 'amd64', os.version: '10.0', java.version: '17.0.8'
Driver info: org.openqa.selenium.chrome.ChromeDriver
Command: [9f04fcdcde1f8b06a19d720fb7c74365, findElement {value=[id="_1_2"], using=css selector}]
Capabilities {acceptInsecureCerts: false, browserName: chrome, browserVersion: 123.0.6312.105, chrome: {chromedriverVersion: 123.0.6312.86 (9b72c47a0536..., userDataDir: C:\Users\nibed\AppData\Loca...}, fedcm:accounts: true, goog:chromeOptions: {debuggerAddress: localhost:60179}, networkConnectionEnabled: false, pageLoadStrategy: normal, platformName: windows, proxy: Proxy(), se:cdp: ws://localhost:60179/devtoo..., se:cdpVersion: 123.0.6312.105, setWindowRect: true, strictFileInteractability: false, timeouts: {implicit: 0, pageLoad: 300000, script: 30000}, unhandledPromptBehavior: dismiss and notify, webauthn:extension:credBlob: true, webauthn:extension:largeBlob: true, webauthn:extension:minPinLength: true, webauthn:extension:prf: true, webauthn:virtualAuthenticators: true}
Session ID: 9f04fcdcde1f8b06a19d720fb7c74365
	at java.base/jdk.internal.reflect.NativeConstructorAccessorImpl.newInstance0(Native Method)
	at java.base/jdk.internal.reflect.NativeConstructorAccessorImpl.newInstance(NativeConstructorAccessorImpl.java:77)
	at java.base/jdk.internal.reflect.DelegatingConstructorAccessorImpl.newInstance(DelegatingConstructorAccessorImpl.java:45)
	at java.base/java.lang.reflect.Constructor.newInstanceWithCaller(Constructor.java:499)
	at java.base/java.lang.reflect.Constructor.newInstance(Constructor.java:480)
	at org.openqa.selenium.remote.codec.w3c.W3CHttpResponseCodec.createException(W3CHttpResponseCodec.java:185)
	at org.openqa.selenium.remote.codec.w3c.W3CHttpResponseCodec.decode(W3CHttpResponseCodec.java:134)
	at org.openqa.selenium.remote.codec.w3c.W3CHttpResponseCodec.decode(W3CHttpResponseCodec.java:51)
	at org.openqa.selenium.remote.HttpCommandExecutor.execute(HttpCommandExecutor.java:190)
	at org.openqa.selenium.remote.service.DriverCommandExecutor.invokeExecute(DriverCommandExecutor.java:216)
	at org.openqa.selenium.remote.service.DriverCommandExecutor.execute(DriverCommandExecutor.java:174)
	at org.openqa.selenium.remote.RemoteWebDriver.execute(RemoteWebDriver.java:519)
	at org.openqa.selenium.remote.ElementLocation$ElementFinder$2.findElement(ElementLocation.java:165)
	at org.openqa.selenium.remote.ElementLocation.findElement(ElementLocation.java:59)
	at org.openqa.selenium.remote.RemoteWebDriver.findElement(RemoteWebDriver.java:356)
	at org.openqa.selenium.remote.RemoteWebDriver.findElement(RemoteWebDriver.java:350)
	at org.openqa.selenium.support.pagefactory.DefaultElementLocator.findElement(DefaultElementLocator.java:68)
	at org.openqa.selenium.support.pagefactory.internal.LocatingElementHandler.invoke(LocatingElementHandler.java:38)
	at jdk.proxy2/jdk.proxy2.$Proxy11.click(Unknown Source)
	at CartPage.clickIssues(CartPage.java:102)
	at CartTest.testIssues(CartTest.java:85)
	at java.base/jdk.internal.reflect.NativeMethodAccessorImpl.invoke0(Native Method)
	at java.base/jdk.internal.reflect.NativeMethodAccessorImpl.invoke(NativeMethodAccessorImpl.java:77)
	at java.base/jdk.internal.reflect.DelegatingMethodAccessorImpl.invoke(DelegatingMethodAccessorImpl.java:43)
	at java.base/java.lang.reflect.Method.invoke(Method.java:568)
	at org.testng.internal.invokers.MethodInvocationHelper.invokeMethod(MethodInvocationHelper.java:139)
	at org.testng.internal.invokers.TestInvoker.invokeMethod(TestInvoker.java:664)
	at org.testng.internal.invokers.TestInvoker.invokeTestMethod(TestInvoker.java:227)
	at org.testng.internal.invokers.MethodRunner.runInSequence(MethodRunner.java:50)
	at org.testng.internal.invokers.TestInvoker$MethodInvocationAgent.invoke(TestInvoker.java:957)
	at org.testng.internal.invokers.TestInvoker.invokeTestMethods(TestInvoker.java:200)
	at org.testng.internal.invokers.TestMethodWorker.invokeTestMethods(TestMethodWorker.java:148)
	at org.testng.internal.invokers.TestMethodWorker.run(TestMethodWorker.java:128)
	at java.base/java.util.ArrayList.forEach(ArrayList.java:1511)
	at org.testng.TestRunner.privateRun(TestRunner.java:848)
	at org.testng.TestRunner.run(TestRunner.java:621)
	at org.testng.SuiteRunner.runTest(SuiteRunner.java:443)
	at org.testng.SuiteRunner.runSequentially(SuiteRunner.java:437)
	at org.testng.SuiteRunner.privateRun(SuiteRunner.java:397)
	at org.testng.SuiteRunner.run(SuiteRunner.java:336)
	at org.testng.SuiteRunnerWorker.runSuite(SuiteRunnerWorker.java:52)
	at org.testng.SuiteRunnerWorker.run(SuiteRunnerWorker.java:95)
	at org.testng.TestNG.runSuitesSequentially(TestNG.java:1280)
	at org.testng.TestNG.runSuitesLocally(TestNG.java:1200)
	at org.testng.TestNG.runSuites(TestNG.java:1114)
	at org.testng.TestNG.run(TestNG.java:1082)
	at com.intellij.rt.testng.IDEARemoteTestNG.run(IDEARemoteTestNG.java:66)
	at com.intellij.rt.testng.RemoteTestNGStarter.main(RemoteTestNGStarter.java:105)
</pre></td>
				</tr>
			</tbody>
		</table>
	</div>
					</div>
				</li>
				
				
				<li class='test displayed active  pass' status='pass' bdd='false' test-id='16'>
					<div class='test-heading'>
						<span class='test-name'>testNewlyListed</span>
						<span class='test-time'>Apr 3, 2024 01:22:57 PM</span>
						<span class='test-status right pass'>pass</span>
					</div>
					<div class='test-content hide'>
<div class='test-time-info'>
	<span class='label start-time'>Apr 3, 2024 01:22:57 PM</span>
	<span class='label end-time'>Apr 3, 2024 01:22:57 PM</span>
	<span class='label time-taken grey lighten-1 white-text'>0h 0m 0s+0ms</span>
</div>
					</div>
				</li>
				
				
				<li class='test displayed active  pass' status='pass' bdd='false' test-id='17'>
					<div class='test-heading'>
						<span class='test-name'>testSearch</span>
						<span class='test-time'>Apr 3, 2024 01:23:03 PM</span>
						<span class='test-status right pass'>pass</span>
					</div>
					<div class='test-content hide'>
<div class='test-time-info'>
	<span class='label start-time'>Apr 3, 2024 01:23:03 PM</span>
	<span class='label end-time'>Apr 3, 2024 01:23:03 PM</span>
	<span class='label time-taken grey lighten-1 white-text'>0h 0m 0s+0ms</span>
</div>
					</div>
				</li>
				
				
				<li class='test displayed active  pass' status='pass' bdd='false' test-id='18'>
					<div class='test-heading'>
						<span class='test-name'>testSearchItem</span>
						<span class='test-time'>Apr 3, 2024 01:23:07 PM</span>
						<span class='test-status right pass'>pass</span>
					</div>
					<div class='test-content hide'>
<div class='test-time-info'>
	<span class='label start-time'>Apr 3, 2024 01:23:07 PM</span>
	<span class='label end-time'>Apr 3, 2024 01:23:07 PM</span>
	<span class='label time-taken grey lighten-1 white-text'>0h 0m 0s+0ms</span>
</div>
					</div>
				</li>
				
				
				<li class='test displayed active  pass' status='pass' bdd='false' test-id='19'>
					<div class='test-heading'>
						<span class='test-name'>testShop</span>
						<span class='test-time'>Apr 3, 2024 01:23:13 PM</span>
						<span class='test-status right pass'>pass</span>
					</div>
					<div class='test-content hide'>
<div class='test-time-info'>
	<span class='label start-time'>Apr 3, 2024 01:23:13 PM</span>
	<span class='label end-time'>Apr 3, 2024 01:23:13 PM</span>
	<span class='label time-taken grey lighten-1 white-text'>0h 0m 0s+0ms</span>
</div>
					</div>
				</li>
				
				
				<li class='test displayed active  fail' status='fail' bdd='false' test-id='20'>
					<div class='test-heading'>
						<span class='test-name'>testSignIn</span>
						<span class='test-time'>Apr 3, 2024 01:23:16 PM</span>
						<span class='test-status right fail'>fail</span>
					</div>
					<div class='test-content hide'>
<div class='test-time-info'>
	<span class='label start-time'>Apr 3, 2024 01:23:16 PM</span>
	<span class='label end-time'>Apr 3, 2024 01:23:17 PM</span>
	<span class='label time-taken grey lighten-1 white-text'>0h 0m 0s+839ms</span>
</div>
	<div class='test-steps'>
		<table class='bordered table-results'>
			<thead>
				<tr>
					<th>Status</th>
					<th>Timestamp</th>
					<th>Details</th>
				</tr>
			</thead>
			<tbody>
				<tr class='log' status='fail'>
					<td class='status fail' title='fail' alt='fail'><i class='material-icons'>cancel</i></td>
					<td class='timestamp'>1:23:17 PM</td>
					<td class='step-details'><pre>java.lang.AssertionError: expected [https://signin.ebay.com/ws/eBayISAPI.dll?SignIn&UsingSSL=1&siteid=0&co_partnerId=2&pageType=2495737&ru=https%3A%2F%2Fcart.payments.ebay.com%2F] but found [https://www.ebay.com/splashui/captcha?ap=1&appName=orch&ru=https%3A%2F%2Fsignin.ebay.com%2Fws%2FeBayISAPI.dll%3FSignIn%26UsingSSL%3D1%26siteid%3D0%26co_partnerId%3D2%26pageType%3D2495737%26ru%3Dhttps%253A%252F%252Fcart.payments.ebay.com%252F&iid=4200db54-63a1-4483-bdd9-b0a00c22fabb&iim=vNzMuMTh&iia=cTU3LjE3lv&iiz=esXOC4xMjA*nqB]
	at org.testng.Assert.fail(Assert.java:111)
	at org.testng.Assert.failNotEquals(Assert.java:1578)
	at org.testng.Assert.assertEqualsImpl(Assert.java:150)
	at org.testng.Assert.assertEquals(Assert.java:132)
	at org.testng.Assert.assertEquals(Assert.java:656)
	at org.testng.Assert.assertEquals(Assert.java:666)
	at CartTest.testSignIn(CartTest.java:46)
	at java.base/jdk.internal.reflect.NativeMethodAccessorImpl.invoke0(Native Method)
	at java.base/jdk.internal.reflect.NativeMethodAccessorImpl.invoke(NativeMethodAccessorImpl.java:77)
	at java.base/jdk.internal.reflect.DelegatingMethodAccessorImpl.invoke(DelegatingMethodAccessorImpl.java:43)
	at java.base/java.lang.reflect.Method.invoke(Method.java:568)
	at org.testng.internal.invokers.MethodInvocationHelper.invokeMethod(MethodInvocationHelper.java:139)
	at org.testng.internal.invokers.TestInvoker.invokeMethod(TestInvoker.java:664)
	at org.testng.internal.invokers.TestInvoker.invokeTestMethod(TestInvoker.java:227)
	at org.testng.internal.invokers.MethodRunner.runInSequence(MethodRunner.java:50)
	at org.testng.internal.invokers.TestInvoker$MethodInvocationAgent.invoke(TestInvoker.java:957)
	at org.testng.internal.invokers.TestInvoker.invokeTestMethods(TestInvoker.java:200)
	at org.testng.internal.invokers.TestMethodWorker.invokeTestMethods(TestMethodWorker.java:148)
	at org.testng.internal.invokers.TestMethodWorker.run(TestMethodWorker.java:128)
	at java.base/java.util.ArrayList.forEach(ArrayList.java:1511)
	at org.testng.TestRunner.privateRun(TestRunner.java:848)
	at org.testng.TestRunner.run(TestRunner.java:621)
	at org.testng.SuiteRunner.runTest(SuiteRunner.java:443)
	at org.testng.SuiteRunner.runSequentially(SuiteRunner.java:437)
	at org.testng.SuiteRunner.privateRun(SuiteRunner.java:397)
	at org.testng.SuiteRunner.run(SuiteRunner.java:336)
	at org.testng.SuiteRunnerWorker.runSuite(SuiteRunnerWorker.java:52)
	at org.testng.SuiteRunnerWorker.run(SuiteRunnerWorker.java:95)
	at org.testng.TestNG.runSuitesSequentially(TestNG.java:1280)
	at org.testng.TestNG.runSuitesLocally(TestNG.java:1200)
	at org.testng.TestNG.runSuites(TestNG.java:1114)
	at org.testng.TestNG.run(TestNG.java:1082)
	at com.intellij.rt.testng.IDEARemoteTestNG.run(IDEARemoteTestNG.java:66)
	at com.intellij.rt.testng.RemoteTestNGStarter.main(RemoteTestNGStarter.java:105)
</pre></td>
				</tr>
			</tbody>
		</table>
	</div>
					</div>
				</li>
				
				
				<li class='test displayed active  pass' status='pass' bdd='false' test-id='21'>
					<div class='test-heading'>
						<span class='test-name'>testSortBy</span>
						<span class='test-time'>Apr 3, 2024 01:23:19 PM</span>
						<span class='test-status right pass'>pass</span>
					</div>
					<div class='test-content hide'>
<div class='test-time-info'>
	<span class='label start-time'>Apr 3, 2024 01:23:19 PM</span>
	<span class='label end-time'>Apr 3, 2024 01:23:19 PM</span>
	<span class='label time-taken grey lighten-1 white-text'>0h 0m 0s+0ms</span>
</div>
					</div>
				</li>
				
				
				<li class='test displayed active  pass' status='pass' bdd='false' test-id='22'>
					<div class='test-heading'>
						<span class='test-name'>testText</span>
						<span class='test-time'>Apr 3, 2024 01:23:23 PM</span>
						<span class='test-status right pass'>pass</span>
					</div>
					<div class='test-content hide'>
<div class='test-time-info'>
	<span class='label start-time'>Apr 3, 2024 01:23:23 PM</span>
	<span class='label end-time'>Apr 3, 2024 01:23:23 PM</span>
	<span class='label time-taken grey lighten-1 white-text'>0h 0m 0s+0ms</span>
</div>
					</div>
				</li>
				
				
				<li class='test displayed active  pass' status='pass' bdd='false' test-id='23'>
					<div class='test-heading'>
						<span class='test-name'>testAppliances</span>
						<span class='test-time'>Apr 3, 2024 01:23:28 PM</span>
						<span class='test-status right pass'>pass</span>
					</div>
					<div class='test-content hide'>
<div class='test-time-info'>
	<span class='label start-time'>Apr 3, 2024 01:23:28 PM</span>
	<span class='label end-time'>Apr 3, 2024 01:23:28 PM</span>
	<span class='label time-taken grey lighten-1 white-text'>0h 0m 0s+0ms</span>
</div>
					</div>
				</li>
				
				
				<li class='test displayed active  pass' status='pass' bdd='false' test-id='24'>
					<div class='test-heading'>
						<span class='test-name'>testCategory</span>
						<span class='test-time'>Apr 3, 2024 01:23:34 PM</span>
						<span class='test-status right pass'>pass</span>
					</div>
					<div class='test-content hide'>
<div class='test-time-info'>
	<span class='label start-time'>Apr 3, 2024 01:23:34 PM</span>
	<span class='label end-time'>Apr 3, 2024 01:23:34 PM</span>
	<span class='label time-taken grey lighten-1 white-text'>0h 0m 0s+0ms</span>
</div>
					</div>
				</li>
				
				
				<li class='test displayed active  pass' status='pass' bdd='false' test-id='25'>
					<div class='test-heading'>
						<span class='test-name'>testCountertopMixers</span>
						<span class='test-time'>Apr 3, 2024 01:23:38 PM</span>
						<span class='test-status right pass'>pass</span>
					</div>
					<div class='test-content hide'>
<div class='test-time-info'>
	<span class='label start-time'>Apr 3, 2024 01:23:38 PM</span>
	<span class='label end-time'>Apr 3, 2024 01:23:38 PM</span>
	<span class='label time-taken grey lighten-1 white-text'>0h 0m 0s+0ms</span>
</div>
					</div>
				</li>
				
				
				<li class='test displayed active  pass' status='pass' bdd='false' test-id='26'>
					<div class='test-heading'>
						<span class='test-name'>testProductBrand</span>
						<span class='test-time'>Apr 3, 2024 01:23:48 PM</span>
						<span class='test-status right pass'>pass</span>
					</div>
					<div class='test-content hide'>
<div class='test-time-info'>
	<span class='label start-time'>Apr 3, 2024 01:23:48 PM</span>
	<span class='label end-time'>Apr 3, 2024 01:23:48 PM</span>
	<span class='label time-taken grey lighten-1 white-text'>0h 0m 0s+0ms</span>
</div>
					</div>
				</li>
				
				
				<li class='test displayed active  fail' status='fail' bdd='false' test-id='27'>
					<div class='test-heading'>
						<span class='test-name'>testProductBrandName</span>
						<span class='test-time'>Apr 3, 2024 01:24:00 PM</span>
						<span class='test-status right fail'>fail</span>
					</div>
					<div class='test-content hide'>
<div class='test-time-info'>
	<span class='label start-time'>Apr 3, 2024 01:24:00 PM</span>
	<span class='label end-time'>Apr 3, 2024 01:24:08 PM</span>
	<span class='label time-taken grey lighten-1 white-text'>0h 0m 7s+373ms</span>
</div>
	<div class='test-steps'>
		<table class='bordered table-results'>
			<thead>
				<tr>
					<th>Status</th>
					<th>Timestamp</th>
					<th>Details</th>
				</tr>
			</thead>
			<tbody>
				<tr class='log' status='fail'>
					<td class='status fail' title='fail' alt='fail'><i class='material-icons'>cancel</i></td>
					<td class='timestamp'>1:24:08 PM</td>
					<td class='step-details'><textarea>org.openqa.selenium.ElementNotInteractableException: element not interactable
  (Session info: chrome=123.0.6312.105)
Build info: version: '4.17.0', revision: 'e52b1be057*'
System info: os.name: 'Windows 11', os.arch: 'amd64', os.version: '10.0', java.version: '17.0.8'
Driver info: org.openqa.selenium.chrome.ChromeDriver
Command: [dcc0d375d2fa978e6ce48386c7ad53e9, clickElement {id=f.743FDC6A3504E6F3B92CD631726E6B83.d.1E62A3E426F27CFFEEDD46CD33A207FD.e.133}]
Capabilities {acceptInsecureCerts: false, browserName: chrome, browserVersion: 123.0.6312.105, chrome: {chromedriverVersion: 123.0.6312.86 (9b72c47a0536..., userDataDir: C:\Users\nibed\AppData\Loca...}, fedcm:accounts: true, goog:chromeOptions: {debuggerAddress: localhost:60717}, networkConnectionEnabled: false, pageLoadStrategy: normal, platformName: windows, proxy: Proxy(), se:cdp: ws://localhost:60717/devtoo..., se:cdpVersion: 123.0.6312.105, setWindowRect: true, strictFileInteractability: false, timeouts: {implicit: 0, pageLoad: 300000, script: 30000}, unhandledPromptBehavior: dismiss and notify, webauthn:extension:credBlob: true, webauthn:extension:largeBlob: true, webauthn:extension:minPinLength: true, webauthn:extension:prf: true, webauthn:virtualAuthenticators: true}
Element: [[ChromeDriver: chrome on windows (dcc0d375d2fa978e6ce48386c7ad53e9)] -> css selector: [class="brm__item-label"]]
Session ID: dcc0d375d2fa978e6ce48386c7ad53e9
	at java.base/jdk.internal.reflect.NativeConstructorAccessorImpl.newInstance0(Native Method)
	at java.base/jdk.internal.reflect.NativeConstructorAccessorImpl.newInstance(NativeConstructorAccessorImpl.java:77)
	at java.base/jdk.internal.reflect.DelegatingConstructorAccessorImpl.newInstance(DelegatingConstructorAccessorImpl.java:45)
	at java.base/java.lang.reflect.Constructor.newInstanceWithCaller(Constructor.java:499)
	at java.base/java.lang.reflect.Constructor.newInstance(Constructor.java:480)
	at org.openqa.selenium.remote.codec.w3c.W3CHttpResponseCodec.createException(W3CHttpResponseCodec.java:185)
	at org.openqa.selenium.remote.codec.w3c.W3CHttpResponseCodec.decode(W3CHttpResponseCodec.java:134)
	at org.openqa.selenium.remote.codec.w3c.W3CHttpResponseCodec.decode(W3CHttpResponseCodec.java:51)
	at org.openqa.selenium.remote.HttpCommandExecutor.execute(HttpCommandExecutor.java:190)
	at org.openqa.selenium.remote.service.DriverCommandExecutor.invokeExecute(DriverCommandExecutor.java:216)
	at org.openqa.selenium.remote.service.DriverCommandExecutor.execute(DriverCommandExecutor.java:174)
	at org.openqa.selenium.remote.RemoteWebDriver.execute(RemoteWebDriver.java:519)
	at org.openqa.selenium.remote.RemoteWebElement.execute(RemoteWebElement.java:223)
	at org.openqa.selenium.remote.RemoteWebElement.click(RemoteWebElement.java:76)
	at jdk.internal.reflect.GeneratedMethodAccessor5.invoke(Unknown Source)
	at java.base/jdk.internal.reflect.DelegatingMethodAccessorImpl.invoke(DelegatingMethodAccessorImpl.java:43)
	at java.base/java.lang.reflect.Method.invoke(Method.java:568)
	at org.openqa.selenium.support.pagefactory.internal.LocatingElementHandler.invoke(LocatingElementHandler.java:51)
	at jdk.proxy2/jdk.proxy2.$Proxy11.click(Unknown Source)
	at HomeAndGardenPage.clickBrandName(HomeAndGardenPage.java:74)
	at HomeAndGardenTest.testProductBrandName(HomeAndGardenTest.java:85)
	at java.base/jdk.internal.reflect.NativeMethodAccessorImpl.invoke0(Native Method)
	at java.base/jdk.internal.reflect.NativeMethodAccessorImpl.invoke(NativeMethodAccessorImpl.java:77)
	at java.base/jdk.internal.reflect.DelegatingMethodAccessorImpl.invoke(DelegatingMethodAccessorImpl.java:43)
	at java.base/java.lang.reflect.Method.invoke(Method.java:568)
	at org.testng.internal.invokers.MethodInvocationHelper.invokeMethod(MethodInvocationHelper.java:139)
	at org.testng.internal.invokers.TestInvoker.invokeMethod(TestInvoker.java:664)
	at org.testng.internal.invokers.TestInvoker.invokeTestMethod(TestInvoker.java:227)
	at org.testng.internal.invokers.MethodRunner.runInSequence(MethodRunner.java:50)
	at org.testng.internal.invokers.TestInvoker$MethodInvocationAgent.invoke(TestInvoker.java:957)
	at org.testng.internal.invokers.TestInvoker.invokeTestMethods(TestInvoker.java:200)
	at org.testng.internal.invokers.TestMethodWorker.invokeTestMethods(TestMethodWorker.java:148)
	at org.testng.internal.invokers.TestMethodWorker.run(TestMethodWorker.java:128)
	at java.base/java.util.ArrayList.forEach(ArrayList.java:1511)
	at org.testng.TestRunner.privateRun(TestRunner.java:848)
	at org.testng.TestRunner.run(TestRunner.java:621)
	at org.testng.SuiteRunner.runTest(SuiteRunner.java:443)
	at org.testng.SuiteRunner.runSequentially(SuiteRunner.java:437)
	at org.testng.SuiteRunner.privateRun(SuiteRunner.java:397)
	at org.testng.SuiteRunner.run(SuiteRunner.java:336)
	at org.testng.SuiteRunnerWorker.runSuite(SuiteRunnerWorker.java:52)
	at org.testng.SuiteRunnerWorker.run(SuiteRunnerWorker.java:95)
	at org.testng.TestNG.runSuitesSequentially(TestNG.java:1280)
	at org.testng.TestNG.runSuitesLocally(TestNG.java:1200)
	at org.testng.TestNG.runSuites(TestNG.java:1114)
	at org.testng.TestNG.run(TestNG.java:1082)
	at com.intellij.rt.testng.IDEARemoteTestNG.run(IDEARemoteTestNG.java:66)
	at com.intellij.rt.testng.RemoteTestNGStarter.main(RemoteTestNGStarter.java:105)
</textarea></td>
				</tr>
			</tbody>
		</table>
	</div>
					</div>
				</li>
				
				
				<li class='test displayed active  pass' status='pass' bdd='false' test-id='28'>
					<div class='test-heading'>
						<span class='test-name'>testProductColor</span>
						<span class='test-time'>Apr 3, 2024 01:24:12 PM</span>
						<span class='test-status right pass'>pass</span>
					</div>
					<div class='test-content hide'>
<div class='test-time-info'>
	<span class='label start-time'>Apr 3, 2024 01:24:12 PM</span>
	<span class='label end-time'>Apr 3, 2024 01:24:12 PM</span>
	<span class='label time-taken grey lighten-1 white-text'>0h 0m 0s+0ms</span>
</div>
					</div>
				</li>
				
				
				<li class='test displayed active  fail' status='fail' bdd='false' test-id='29'>
					<div class='test-heading'>
						<span class='test-name'>testWindow</span>
						<span class='test-time'>Apr 3, 2024 01:24:24 PM</span>
						<span class='test-status right fail'>fail</span>
					</div>
					<div class='test-content hide'>
<div class='test-time-info'>
	<span class='label start-time'>Apr 3, 2024 01:24:24 PM</span>
	<span class='label end-time'>Apr 3, 2024 01:24:29 PM</span>
	<span class='label time-taken grey lighten-1 white-text'>0h 0m 5s+369ms</span>
</div>
	<div class='test-steps'>
		<table class='bordered table-results'>
			<thead>
				<tr>
					<th>Status</th>
					<th>Timestamp</th>
					<th>Details</th>
				</tr>
			</thead>
			<tbody>
				<tr class='log' status='fail'>
					<td class='status fail' title='fail' alt='fail'><i class='material-icons'>cancel</i></td>
					<td class='timestamp'>1:24:29 PM</td>
					<td class='step-details'><pre>java.lang.AssertionError: expected [https://www.ebay.com/itm/145094465671?itmmeta=01HTG534B51GV37HN5PB3WEE04&hash=item21c84dd887:g:jOQAAOSworJjeodT&amdata=enc%3AAQAJAAAA0K1XMQkARHiNZTYx29bHf6woeGEhA7oqyCIJaD0Ipf6loCsi40OB09THY%2FrLschUDRyu5aEwdKR9bfCAr1ilMn2QYAaz2aegD9YoxuWJU5vtWgIpxylj5fzvlVXLZDgIBIyRNUHgZLOMIgGjJ9lHauOSOPU6HtL94gEw772kCg14keE9QEiJFm40Ig9ixbBfm0gi--KPBtC6xbICEIy9iAcxcaMEOMxbLaWw11mzvN%2FHtZ4J93AWI8Ta1a3l3MVvI6xhGkdPBKQKsXvpjK%2Bs5bY%3D%7Ctkp%3ABFBM7MWMhdRj] but found [https://www.ebay.com/itm/126365125998?itmmeta=01HTJT4MJGMSMFS5G7HE41ZX1R&hash=item1d6bf2cd6e:g:~JoAAOSw12Vl6ONQ&amdata=enc%3AAQAJAAAA0NNNOeF25H3Ft3Adg1GKj6K3NZolVPtiWZBYtlJUz18oosJg%2BX%2BT%2FqwfJvB5WN1%2FXykEn5BqBvSaIpoUnrlK1jQ%2FNGt09IF6CyqCd80KtJ5osXQgeb8f072U1K0T%2BUSaJ5ftYrjQbK0mRbbd8vBTWbzbyTFt9wVkZSosySuUUzPyof%2BlxpbvCBTeVrJ8I9s9%2BEToyZlhZw3xomIValIVPiDgm32YNCfRYc3mrzBFM8i2PMlFJDV%2BuJDdf3HLQCnhiRjZodC0Y11bqYY%2B6%2BIFt78%3D%7Ctkp%3ABFBMzsmS2tRj]
	at org.testng.Assert.fail(Assert.java:111)
	at org.testng.Assert.failNotEquals(Assert.java:1578)
	at org.testng.Assert.assertEqualsImpl(Assert.java:150)
	at org.testng.Assert.assertEquals(Assert.java:132)
	at org.testng.Assert.assertEquals(Assert.java:656)
	at org.testng.Assert.assertEquals(Assert.java:666)
	at WindowTest.testWindow(WindowTest.java:33)
	at java.base/jdk.internal.reflect.NativeMethodAccessorImpl.invoke0(Native Method)
	at java.base/jdk.internal.reflect.NativeMethodAccessorImpl.invoke(NativeMethodAccessorImpl.java:77)
	at java.base/jdk.internal.reflect.DelegatingMethodAccessorImpl.invoke(DelegatingMethodAccessorImpl.java:43)
	at java.base/java.lang.reflect.Method.invoke(Method.java:568)
	at org.testng.internal.invokers.MethodInvocationHelper.invokeMethod(MethodInvocationHelper.java:139)
	at org.testng.internal.invokers.TestInvoker.invokeMethod(TestInvoker.java:664)
	at org.testng.internal.invokers.TestInvoker.invokeTestMethod(TestInvoker.java:227)
	at org.testng.internal.invokers.MethodRunner.runInSequence(MethodRunner.java:50)
	at org.testng.internal.invokers.TestInvoker$MethodInvocationAgent.invoke(TestInvoker.java:957)
	at org.testng.internal.invokers.TestInvoker.invokeTestMethods(TestInvoker.java:200)
	at org.testng.internal.invokers.TestMethodWorker.invokeTestMethods(TestMethodWorker.java:148)
	at org.testng.internal.invokers.TestMethodWorker.run(TestMethodWorker.java:128)
	at java.base/java.util.ArrayList.forEach(ArrayList.java:1511)
	at org.testng.TestRunner.privateRun(TestRunner.java:848)
	at org.testng.TestRunner.run(TestRunner.java:621)
	at org.testng.SuiteRunner.runTest(SuiteRunner.java:443)
	at org.testng.SuiteRunner.runSequentially(SuiteRunner.java:437)
	at org.testng.SuiteRunner.privateRun(SuiteRunner.java:397)
	at org.testng.SuiteRunner.run(SuiteRunner.java:336)
	at org.testng.SuiteRunnerWorker.runSuite(SuiteRunnerWorker.java:52)
	at org.testng.SuiteRunnerWorker.run(SuiteRunnerWorker.java:95)
	at org.testng.TestNG.runSuitesSequentially(TestNG.java:1280)
	at org.testng.TestNG.runSuitesLocally(TestNG.java:1200)
	at org.testng.TestNG.runSuites(TestNG.java:1114)
	at org.testng.TestNG.run(TestNG.java:1082)
	at com.intellij.rt.testng.IDEARemoteTestNG.run(IDEARemoteTestNG.java:66)
	at com.intellij.rt.testng.RemoteTestNGStarter.main(RemoteTestNGStarter.java:105)
</pre></td>
				</tr>
			</tbody>
		</table>
	</div>
					</div>
				</li>
				
				
				<li class='test displayed active  pass' status='pass' bdd='false' test-id='30'>
					<div class='test-heading'>
						<span class='test-name'>testSignOut</span>
						<span class='test-time'>Apr 3, 2024 01:24:32 PM</span>
						<span class='test-status right pass'>pass</span>
					</div>
					<div class='test-content hide'>
<div class='test-time-info'>
	<span class='label start-time'>Apr 3, 2024 01:24:32 PM</span>
	<span class='label end-time'>Apr 3, 2024 01:24:32 PM</span>
	<span class='label time-taken grey lighten-1 white-text'>0h 0m 0s+0ms</span>
</div>
					</div>
				</li>
			</ul>
		</div>
	</div>
	<!-- subview left -->

	<div class='subview-right left'>
		<div class='view-summary'>
			<h5 class='test-name'></h5>

			<div id='step-filters' class="right">
				<span class="blue-text" status="info" alt="info" title="info"><i class="material-icons">info_outline</i></span>
				<span class="green-text" status="pass" alt="pass" title="pass"><i class="material-icons">check_circle</i></span>
				<span class="red-text" status="fail" alt="fail" title="fail"><i class="material-icons">cancel</i></span>
				<span class="red-text text-darken-4" status="fatal" alt="fatal" title="fatal"><i class="material-icons">cancel</i></span>
				<span class="pink-text text-lighten-1" status="error" alt="error" title="error"><i class="material-icons">error</i></span>
				<span class="orange-text" alt="warning" status="warning" title="warning"><i class="material-icons">warning</i></span>
				<span class="teal-text" status="skip" alt="skip" title="skip"><i class="material-icons">redo</i></span>
				<span status="clear" alt="Clear filters" title="Clear filters"><i class="material-icons">clear</i></span>
			</div>
		</div>
	</div>
	<!-- subview right -->

</div>
<!-- test view -->
<!-- category view -->
<div id='exception-view' class='view hide'>

    <section id='controls'>
        <div class='controls grey lighten-4'>
            <!-- search -->
            <div class='chip transparent' alt='Search Tests' title='Search Tests'>
                <a href="#" class='search-div'>
                    <i class='material-icons'>search</i> Search
                </a>

                <div class='input-field left hide'>
                    <input id='search-tests' type='text' class='validate browser-default' placeholder='Search Tests...'>
                </div>

            </div>
            <!-- search -->
        </div>
    </section>

    <div class='subview-left left'>

        <div class='view-summary'>
            <h5>Exceptions</h3>
                <ul id='exception-collection' class='exception-collection'>

                        <li class='exception displayed active'>
                            <div class='exception-heading'>
                                <span class='exception-name'>java.lang.AssertionError</span>
                                <span class='exception-count right'><span class='label red lighten-1 white-text'>4</span></span>
                            </div>
                            <div class='exception-content hide'>
                                <div class='exception-tests'>
                                    <table class='bordered table-results'>
                                        <thead>
                                        <tr>
                                            <th>Timestamp</th>
                                            <th>TestName</th>
                                            <th>Status</th>
                                        </tr>
                                        </thead>
                                        <tbody>
                                                    <tr>
                                                        <td>Apr 3, 2024 01:21:38 PM</td>
                                                        <td class='linked' test-id='2'>testAllCategory</td>
                                                        <td><pre><pre>java.lang.AssertionError: expected [https://cart.ebay.com/] but found [https://www.ebay.com/]
	at org.testng.Assert.fail(Assert.java:111)
	at org.testng.Assert.failNotEquals(Assert.java:1578)
	at org.testng.Assert.assertEqualsImpl(Assert.java:150)
	at org.testng.Assert.assertEquals(Assert.java:132)
	at org.testng.Assert.assertEquals(Assert.java:656)
	at org.testng.Assert.assertEquals(Assert.java:666)
	at HomeTest.testAllCategory(HomeTest.java:108)
	at java.base/jdk.internal.reflect.NativeMethodAccessorImpl.invoke0(Native Method)
	at java.base/jdk.internal.reflect.NativeMethodAccessorImpl.invoke(NativeMethodAccessorImpl.java:77)
	at java.base/jdk.internal.reflect.DelegatingMethodAccessorImpl.invoke(DelegatingMethodAccessorImpl.java:43)
	at java.base/java.lang.reflect.Method.invoke(Method.java:568)
	at org.testng.internal.invokers.MethodInvocationHelper.invokeMethod(MethodInvocationHelper.java:139)
	at org.testng.internal.invokers.TestInvoker.invokeMethod(TestInvoker.java:664)
	at org.testng.internal.invokers.TestInvoker.invokeTestMethod(TestInvoker.java:227)
	at org.testng.internal.invokers.MethodRunner.runInSequence(MethodRunner.java:50)
	at org.testng.internal.invokers.TestInvoker$MethodInvocationAgent.invoke(TestInvoker.java:957)
	at org.testng.internal.invokers.TestInvoker.invokeTestMethods(TestInvoker.java:200)
	at org.testng.internal.invokers.TestMethodWorker.invokeTestMethods(TestMethodWorker.java:148)
	at org.testng.internal.invokers.TestMethodWorker.run(TestMethodWorker.java:128)
	at java.base/java.util.ArrayList.forEach(ArrayList.java:1511)
	at org.testng.TestRunner.privateRun(TestRunner.java:848)
	at org.testng.TestRunner.run(TestRunner.java:621)
	at org.testng.SuiteRunner.runTest(SuiteRunner.java:443)
	at org.testng.SuiteRunner.runSequentially(SuiteRunner.java:437)
	at org.testng.SuiteRunner.privateRun(SuiteRunner.java:397)
	at org.testng.SuiteRunner.run(SuiteRunner.java:336)
	at org.testng.SuiteRunnerWorker.runSuite(SuiteRunnerWorker.java:52)
	at org.testng.SuiteRunnerWorker.run(SuiteRunnerWorker.java:95)
	at org.testng.TestNG.runSuitesSequentially(TestNG.java:1280)
	at org.testng.TestNG.runSuitesLocally(TestNG.java:1200)
	at org.testng.TestNG.runSuites(TestNG.java:1114)
	at org.testng.TestNG.run(TestNG.java:1082)
	at com.intellij.rt.testng.IDEARemoteTestNG.run(IDEARemoteTestNG.java:66)
	at com.intellij.rt.testng.RemoteTestNGStarter.main(RemoteTestNGStarter.java:105)
</pre></pre></td>
                                                    </tr>
                                                    <tr>
                                                        <td>Apr 3, 2024 01:22:52 PM</td>
                                                        <td class='linked' test-id='14'>testComments</td>
                                                        <td><pre><pre>java.lang.AssertionError: expected [https://connect.ebay.com/srv/survey/a/payments.cart.survey] but found [https://cart.payments.ebay.com/]
	at org.testng.Assert.fail(Assert.java:111)
	at org.testng.Assert.failNotEquals(Assert.java:1578)
	at org.testng.Assert.assertEqualsImpl(Assert.java:150)
	at org.testng.Assert.assertEquals(Assert.java:132)
	at org.testng.Assert.assertEquals(Assert.java:656)
	at org.testng.Assert.assertEquals(Assert.java:666)
	at CartTest.testComments(CartTest.java:77)
	at java.base/jdk.internal.reflect.NativeMethodAccessorImpl.invoke0(Native Method)
	at java.base/jdk.internal.reflect.NativeMethodAccessorImpl.invoke(NativeMethodAccessorImpl.java:77)
	at java.base/jdk.internal.reflect.DelegatingMethodAccessorImpl.invoke(DelegatingMethodAccessorImpl.java:43)
	at java.base/java.lang.reflect.Method.invoke(Method.java:568)
	at org.testng.internal.invokers.MethodInvocationHelper.invokeMethod(MethodInvocationHelper.java:139)
	at org.testng.internal.invokers.TestInvoker.invokeMethod(TestInvoker.java:664)
	at org.testng.internal.invokers.TestInvoker.invokeTestMethod(TestInvoker.java:227)
	at org.testng.internal.invokers.MethodRunner.runInSequence(MethodRunner.java:50)
	at org.testng.internal.invokers.TestInvoker$MethodInvocationAgent.invoke(TestInvoker.java:957)
	at org.testng.internal.invokers.TestInvoker.invokeTestMethods(TestInvoker.java:200)
	at org.testng.internal.invokers.TestMethodWorker.invokeTestMethods(TestMethodWorker.java:148)
	at org.testng.internal.invokers.TestMethodWorker.run(TestMethodWorker.java:128)
	at java.base/java.util.ArrayList.forEach(ArrayList.java:1511)
	at org.testng.TestRunner.privateRun(TestRunner.java:848)
	at org.testng.TestRunner.run(TestRunner.java:621)
	at org.testng.SuiteRunner.runTest(SuiteRunner.java:443)
	at org.testng.SuiteRunner.runSequentially(SuiteRunner.java:437)
	at org.testng.SuiteRunner.privateRun(SuiteRunner.java:397)
	at org.testng.SuiteRunner.run(SuiteRunner.java:336)
	at org.testng.SuiteRunnerWorker.runSuite(SuiteRunnerWorker.java:52)
	at org.testng.SuiteRunnerWorker.run(SuiteRunnerWorker.java:95)
	at org.testng.TestNG.runSuitesSequentially(TestNG.java:1280)
	at org.testng.TestNG.runSuitesLocally(TestNG.java:1200)
	at org.testng.TestNG.runSuites(TestNG.java:1114)
	at org.testng.TestNG.run(TestNG.java:1082)
	at com.intellij.rt.testng.IDEARemoteTestNG.run(IDEARemoteTestNG.java:66)
	at com.intellij.rt.testng.RemoteTestNGStarter.main(RemoteTestNGStarter.java:105)
</pre></pre></td>
                                                    </tr>
                                                    <tr>
                                                        <td>Apr 3, 2024 01:23:16 PM</td>
                                                        <td class='linked' test-id='20'>testSignIn</td>
                                                        <td><pre><pre>java.lang.AssertionError: expected [https://signin.ebay.com/ws/eBayISAPI.dll?SignIn&UsingSSL=1&siteid=0&co_partnerId=2&pageType=2495737&ru=https%3A%2F%2Fcart.payments.ebay.com%2F] but found [https://www.ebay.com/splashui/captcha?ap=1&appName=orch&ru=https%3A%2F%2Fsignin.ebay.com%2Fws%2FeBayISAPI.dll%3FSignIn%26UsingSSL%3D1%26siteid%3D0%26co_partnerId%3D2%26pageType%3D2495737%26ru%3Dhttps%253A%252F%252Fcart.payments.ebay.com%252F&iid=4200db54-63a1-4483-bdd9-b0a00c22fabb&iim=vNzMuMTh&iia=cTU3LjE3lv&iiz=esXOC4xMjA*nqB]
	at org.testng.Assert.fail(Assert.java:111)
	at org.testng.Assert.failNotEquals(Assert.java:1578)
	at org.testng.Assert.assertEqualsImpl(Assert.java:150)
	at org.testng.Assert.assertEquals(Assert.java:132)
	at org.testng.Assert.assertEquals(Assert.java:656)
	at org.testng.Assert.assertEquals(Assert.java:666)
	at CartTest.testSignIn(CartTest.java:46)
	at java.base/jdk.internal.reflect.NativeMethodAccessorImpl.invoke0(Native Method)
	at java.base/jdk.internal.reflect.NativeMethodAccessorImpl.invoke(NativeMethodAccessorImpl.java:77)
	at java.base/jdk.internal.reflect.DelegatingMethodAccessorImpl.invoke(DelegatingMethodAccessorImpl.java:43)
	at java.base/java.lang.reflect.Method.invoke(Method.java:568)
	at org.testng.internal.invokers.MethodInvocationHelper.invokeMethod(MethodInvocationHelper.java:139)
	at org.testng.internal.invokers.TestInvoker.invokeMethod(TestInvoker.java:664)
	at org.testng.internal.invokers.TestInvoker.invokeTestMethod(TestInvoker.java:227)
	at org.testng.internal.invokers.MethodRunner.runInSequence(MethodRunner.java:50)
	at org.testng.internal.invokers.TestInvoker$MethodInvocationAgent.invoke(TestInvoker.java:957)
	at org.testng.internal.invokers.TestInvoker.invokeTestMethods(TestInvoker.java:200)
	at org.testng.internal.invokers.TestMethodWorker.invokeTestMethods(TestMethodWorker.java:148)
	at org.testng.internal.invokers.TestMethodWorker.run(TestMethodWorker.java:128)
	at java.base/java.util.ArrayList.forEach(ArrayList.java:1511)
	at org.testng.TestRunner.privateRun(TestRunner.java:848)
	at org.testng.TestRunner.run(TestRunner.java:621)
	at org.testng.SuiteRunner.runTest(SuiteRunner.java:443)
	at org.testng.SuiteRunner.runSequentially(SuiteRunner.java:437)
	at org.testng.SuiteRunner.privateRun(SuiteRunner.java:397)
	at org.testng.SuiteRunner.run(SuiteRunner.java:336)
	at org.testng.SuiteRunnerWorker.runSuite(SuiteRunnerWorker.java:52)
	at org.testng.SuiteRunnerWorker.run(SuiteRunnerWorker.java:95)
	at org.testng.TestNG.runSuitesSequentially(TestNG.java:1280)
	at org.testng.TestNG.runSuitesLocally(TestNG.java:1200)
	at org.testng.TestNG.runSuites(TestNG.java:1114)
	at org.testng.TestNG.run(TestNG.java:1082)
	at com.intellij.rt.testng.IDEARemoteTestNG.run(IDEARemoteTestNG.java:66)
	at com.intellij.rt.testng.RemoteTestNGStarter.main(RemoteTestNGStarter.java:105)
</pre></pre></td>
                                                    </tr>
                                                    <tr>
                                                        <td>Apr 3, 2024 01:24:24 PM</td>
                                                        <td class='linked' test-id='29'>testWindow</td>
                                                        <td><pre><pre>java.lang.AssertionError: expected [https://www.ebay.com/itm/145094465671?itmmeta=01HTG534B51GV37HN5PB3WEE04&hash=item21c84dd887:g:jOQAAOSworJjeodT&amdata=enc%3AAQAJAAAA0K1XMQkARHiNZTYx29bHf6woeGEhA7oqyCIJaD0Ipf6loCsi40OB09THY%2FrLschUDRyu5aEwdKR9bfCAr1ilMn2QYAaz2aegD9YoxuWJU5vtWgIpxylj5fzvlVXLZDgIBIyRNUHgZLOMIgGjJ9lHauOSOPU6HtL94gEw772kCg14keE9QEiJFm40Ig9ixbBfm0gi--KPBtC6xbICEIy9iAcxcaMEOMxbLaWw11mzvN%2FHtZ4J93AWI8Ta1a3l3MVvI6xhGkdPBKQKsXvpjK%2Bs5bY%3D%7Ctkp%3ABFBM7MWMhdRj] but found [https://www.ebay.com/itm/126365125998?itmmeta=01HTJT4MJGMSMFS5G7HE41ZX1R&hash=item1d6bf2cd6e:g:~JoAAOSw12Vl6ONQ&amdata=enc%3AAQAJAAAA0NNNOeF25H3Ft3Adg1GKj6K3NZolVPtiWZBYtlJUz18oosJg%2BX%2BT%2FqwfJvB5WN1%2FXykEn5BqBvSaIpoUnrlK1jQ%2FNGt09IF6CyqCd80KtJ5osXQgeb8f072U1K0T%2BUSaJ5ftYrjQbK0mRbbd8vBTWbzbyTFt9wVkZSosySuUUzPyof%2BlxpbvCBTeVrJ8I9s9%2BEToyZlhZw3xomIValIVPiDgm32YNCfRYc3mrzBFM8i2PMlFJDV%2BuJDdf3HLQCnhiRjZodC0Y11bqYY%2B6%2BIFt78%3D%7Ctkp%3ABFBMzsmS2tRj]
	at org.testng.Assert.fail(Assert.java:111)
	at org.testng.Assert.failNotEquals(Assert.java:1578)
	at org.testng.Assert.assertEqualsImpl(Assert.java:150)
	at org.testng.Assert.assertEquals(Assert.java:132)
	at org.testng.Assert.assertEquals(Assert.java:656)
	at org.testng.Assert.assertEquals(Assert.java:666)
	at WindowTest.testWindow(WindowTest.java:33)
	at java.base/jdk.internal.reflect.NativeMethodAccessorImpl.invoke0(Native Method)
	at java.base/jdk.internal.reflect.NativeMethodAccessorImpl.invoke(NativeMethodAccessorImpl.java:77)
	at java.base/jdk.internal.reflect.DelegatingMethodAccessorImpl.invoke(DelegatingMethodAccessorImpl.java:43)
	at java.base/java.lang.reflect.Method.invoke(Method.java:568)
	at org.testng.internal.invokers.MethodInvocationHelper.invokeMethod(MethodInvocationHelper.java:139)
	at org.testng.internal.invokers.TestInvoker.invokeMethod(TestInvoker.java:664)
	at org.testng.internal.invokers.TestInvoker.invokeTestMethod(TestInvoker.java:227)
	at org.testng.internal.invokers.MethodRunner.runInSequence(MethodRunner.java:50)
	at org.testng.internal.invokers.TestInvoker$MethodInvocationAgent.invoke(TestInvoker.java:957)
	at org.testng.internal.invokers.TestInvoker.invokeTestMethods(TestInvoker.java:200)
	at org.testng.internal.invokers.TestMethodWorker.invokeTestMethods(TestMethodWorker.java:148)
	at org.testng.internal.invokers.TestMethodWorker.run(TestMethodWorker.java:128)
	at java.base/java.util.ArrayList.forEach(ArrayList.java:1511)
	at org.testng.TestRunner.privateRun(TestRunner.java:848)
	at org.testng.TestRunner.run(TestRunner.java:621)
	at org.testng.SuiteRunner.runTest(SuiteRunner.java:443)
	at org.testng.SuiteRunner.runSequentially(SuiteRunner.java:437)
	at org.testng.SuiteRunner.privateRun(SuiteRunner.java:397)
	at org.testng.SuiteRunner.run(SuiteRunner.java:336)
	at org.testng.SuiteRunnerWorker.runSuite(SuiteRunnerWorker.java:52)
	at org.testng.SuiteRunnerWorker.run(SuiteRunnerWorker.java:95)
	at org.testng.TestNG.runSuitesSequentially(TestNG.java:1280)
	at org.testng.TestNG.runSuitesLocally(TestNG.java:1200)
	at org.testng.TestNG.runSuites(TestNG.java:1114)
	at org.testng.TestNG.run(TestNG.java:1082)
	at com.intellij.rt.testng.IDEARemoteTestNG.run(IDEARemoteTestNG.java:66)
	at com.intellij.rt.testng.RemoteTestNGStarter.main(RemoteTestNGStarter.java:105)
</pre></pre></td>
                                                    </tr>
                                        </tbody>
                                    </table>
                                </div>
                            </div>
                        </li>
                        <li class='exception displayed active'>
                            <div class='exception-heading'>
                                <span class='exception-name'>org.openqa.selenium.ElementNotInteractableException</span>
                                <span class='exception-count right'><span class='label red lighten-1 white-text'>2</span></span>
                            </div>
                            <div class='exception-content hide'>
                                <div class='exception-tests'>
                                    <table class='bordered table-results'>
                                        <thead>
                                        <tr>
                                            <th>Timestamp</th>
                                            <th>TestName</th>
                                            <th>Status</th>
                                        </tr>
                                        </thead>
                                        <tbody>
                                                    <tr>
                                                        <td>Apr 3, 2024 01:22:34 PM</td>
                                                        <td class='linked' test-id='11'>testWomenClothing</td>
                                                        <td><pre><textarea>org.openqa.selenium.ElementNotInteractableException: element not interactable
  (Session info: chrome=123.0.6312.105)
Build info: version: '4.17.0', revision: 'e52b1be057*'
System info: os.name: 'Windows 11', os.arch: 'amd64', os.version: '10.0', java.version: '17.0.8'
Driver info: org.openqa.selenium.chrome.ChromeDriver
Command: [7cae3842c7c5c0535745ce284a6666e1, clickElement {id=f.08C6D9036A0C19B9F4C3DA4C5E03FF1A.d.ECC76444D15C61987BF66668673CFFD2.e.45}]
Capabilities {acceptInsecureCerts: false, browserName: chrome, browserVersion: 123.0.6312.105, chrome: {chromedriverVersion: 123.0.6312.86 (9b72c47a0536..., userDataDir: C:\Users\nibed\AppData\Loca...}, fedcm:accounts: true, goog:chromeOptions: {debuggerAddress: localhost:59903}, networkConnectionEnabled: false, pageLoadStrategy: normal, platformName: windows, proxy: Proxy(), se:cdp: ws://localhost:59903/devtoo..., se:cdpVersion: 123.0.6312.105, setWindowRect: true, strictFileInteractability: false, timeouts: {implicit: 0, pageLoad: 300000, script: 30000}, unhandledPromptBehavior: dismiss and notify, webauthn:extension:credBlob: true, webauthn:extension:largeBlob: true, webauthn:extension:minPinLength: true, webauthn:extension:prf: true, webauthn:virtualAuthenticators: true}
Element: [[ChromeDriver: chrome on windows (7cae3842c7c5c0535745ce284a6666e1)] -> xpath: //a[@_sp="p4375194.m1383.l3251"]]
Session ID: 7cae3842c7c5c0535745ce284a6666e1
	at java.base/jdk.internal.reflect.NativeConstructorAccessorImpl.newInstance0(Native Method)
	at java.base/jdk.internal.reflect.NativeConstructorAccessorImpl.newInstance(NativeConstructorAccessorImpl.java:77)
	at java.base/jdk.internal.reflect.DelegatingConstructorAccessorImpl.newInstance(DelegatingConstructorAccessorImpl.java:45)
	at java.base/java.lang.reflect.Constructor.newInstanceWithCaller(Constructor.java:499)
	at java.base/java.lang.reflect.Constructor.newInstance(Constructor.java:480)
	at org.openqa.selenium.remote.codec.w3c.W3CHttpResponseCodec.createException(W3CHttpResponseCodec.java:185)
	at org.openqa.selenium.remote.codec.w3c.W3CHttpResponseCodec.decode(W3CHttpResponseCodec.java:134)
	at org.openqa.selenium.remote.codec.w3c.W3CHttpResponseCodec.decode(W3CHttpResponseCodec.java:51)
	at org.openqa.selenium.remote.HttpCommandExecutor.execute(HttpCommandExecutor.java:190)
	at org.openqa.selenium.remote.service.DriverCommandExecutor.invokeExecute(DriverCommandExecutor.java:216)
	at org.openqa.selenium.remote.service.DriverCommandExecutor.execute(DriverCommandExecutor.java:174)
	at org.openqa.selenium.remote.RemoteWebDriver.execute(RemoteWebDriver.java:519)
	at org.openqa.selenium.remote.RemoteWebElement.execute(RemoteWebElement.java:223)
	at org.openqa.selenium.remote.RemoteWebElement.click(RemoteWebElement.java:76)
	at java.base/jdk.internal.reflect.NativeMethodAccessorImpl.invoke0(Native Method)
	at java.base/jdk.internal.reflect.NativeMethodAccessorImpl.invoke(NativeMethodAccessorImpl.java:77)
	at java.base/jdk.internal.reflect.DelegatingMethodAccessorImpl.invoke(DelegatingMethodAccessorImpl.java:43)
	at java.base/java.lang.reflect.Method.invoke(Method.java:568)
	at org.openqa.selenium.support.pagefactory.internal.LocatingElementHandler.invoke(LocatingElementHandler.java:51)
	at jdk.proxy2/jdk.proxy2.$Proxy11.click(Unknown Source)
	at Homepage.clickwomenClothing(Homepage.java:70)
	at HomeTest.testWomenClothing(HomeTest.java:44)
	at java.base/jdk.internal.reflect.NativeMethodAccessorImpl.invoke0(Native Method)
	at java.base/jdk.internal.reflect.NativeMethodAccessorImpl.invoke(NativeMethodAccessorImpl.java:77)
	at java.base/jdk.internal.reflect.DelegatingMethodAccessorImpl.invoke(DelegatingMethodAccessorImpl.java:43)
	at java.base/java.lang.reflect.Method.invoke(Method.java:568)
	at org.testng.internal.invokers.MethodInvocationHelper.invokeMethod(MethodInvocationHelper.java:139)
	at org.testng.internal.invokers.TestInvoker.invokeMethod(TestInvoker.java:664)
	at org.testng.internal.invokers.TestInvoker.invokeTestMethod(TestInvoker.java:227)
	at org.testng.internal.invokers.MethodRunner.runInSequence(MethodRunner.java:50)
	at org.testng.internal.invokers.TestInvoker$MethodInvocationAgent.invoke(TestInvoker.java:957)
	at org.testng.internal.invokers.TestInvoker.invokeTestMethods(TestInvoker.java:200)
	at org.testng.internal.invokers.TestMethodWorker.invokeTestMethods(TestMethodWorker.java:148)
	at org.testng.internal.invokers.TestMethodWorker.run(TestMethodWorker.java:128)
	at java.base/java.util.ArrayList.forEach(ArrayList.java:1511)
	at org.testng.TestRunner.privateRun(TestRunner.java:848)
	at org.testng.TestRunner.run(TestRunner.java:621)
	at org.testng.SuiteRunner.runTest(SuiteRunner.java:443)
	at org.testng.SuiteRunner.runSequentially(SuiteRunner.java:437)
	at org.testng.SuiteRunner.privateRun(SuiteRunner.java:397)
	at org.testng.SuiteRunner.run(SuiteRunner.java:336)
	at org.testng.SuiteRunnerWorker.runSuite(SuiteRunnerWorker.java:52)
	at org.testng.SuiteRunnerWorker.run(SuiteRunnerWorker.java:95)
	at org.testng.TestNG.runSuitesSequentially(TestNG.java:1280)
	at org.testng.TestNG.runSuitesLocally(TestNG.java:1200)
	at org.testng.TestNG.runSuites(TestNG.java:1114)
	at org.testng.TestNG.run(TestNG.java:1082)
	at com.intellij.rt.testng.IDEARemoteTestNG.run(IDEARemoteTestNG.java:66)
	at com.intellij.rt.testng.RemoteTestNGStarter.main(RemoteTestNGStarter.java:105)
</textarea></pre></td>
                                                    </tr>
                                                    <tr>
                                                        <td>Apr 3, 2024 01:24:00 PM</td>
                                                        <td class='linked' test-id='27'>testProductBrandName</td>
                                                        <td><pre><textarea>org.openqa.selenium.ElementNotInteractableException: element not interactable
  (Session info: chrome=123.0.6312.105)
Build info: version: '4.17.0', revision: 'e52b1be057*'
System info: os.name: 'Windows 11', os.arch: 'amd64', os.version: '10.0', java.version: '17.0.8'
Driver info: org.openqa.selenium.chrome.ChromeDriver
Command: [dcc0d375d2fa978e6ce48386c7ad53e9, clickElement {id=f.743FDC6A3504E6F3B92CD631726E6B83.d.1E62A3E426F27CFFEEDD46CD33A207FD.e.133}]
Capabilities {acceptInsecureCerts: false, browserName: chrome, browserVersion: 123.0.6312.105, chrome: {chromedriverVersion: 123.0.6312.86 (9b72c47a0536..., userDataDir: C:\Users\nibed\AppData\Loca...}, fedcm:accounts: true, goog:chromeOptions: {debuggerAddress: localhost:60717}, networkConnectionEnabled: false, pageLoadStrategy: normal, platformName: windows, proxy: Proxy(), se:cdp: ws://localhost:60717/devtoo..., se:cdpVersion: 123.0.6312.105, setWindowRect: true, strictFileInteractability: false, timeouts: {implicit: 0, pageLoad: 300000, script: 30000}, unhandledPromptBehavior: dismiss and notify, webauthn:extension:credBlob: true, webauthn:extension:largeBlob: true, webauthn:extension:minPinLength: true, webauthn:extension:prf: true, webauthn:virtualAuthenticators: true}
Element: [[ChromeDriver: chrome on windows (dcc0d375d2fa978e6ce48386c7ad53e9)] -> css selector: [class="brm__item-label"]]
Session ID: dcc0d375d2fa978e6ce48386c7ad53e9
	at java.base/jdk.internal.reflect.NativeConstructorAccessorImpl.newInstance0(Native Method)
	at java.base/jdk.internal.reflect.NativeConstructorAccessorImpl.newInstance(NativeConstructorAccessorImpl.java:77)
	at java.base/jdk.internal.reflect.DelegatingConstructorAccessorImpl.newInstance(DelegatingConstructorAccessorImpl.java:45)
	at java.base/java.lang.reflect.Constructor.newInstanceWithCaller(Constructor.java:499)
	at java.base/java.lang.reflect.Constructor.newInstance(Constructor.java:480)
	at org.openqa.selenium.remote.codec.w3c.W3CHttpResponseCodec.createException(W3CHttpResponseCodec.java:185)
	at org.openqa.selenium.remote.codec.w3c.W3CHttpResponseCodec.decode(W3CHttpResponseCodec.java:134)
	at org.openqa.selenium.remote.codec.w3c.W3CHttpResponseCodec.decode(W3CHttpResponseCodec.java:51)
	at org.openqa.selenium.remote.HttpCommandExecutor.execute(HttpCommandExecutor.java:190)
	at org.openqa.selenium.remote.service.DriverCommandExecutor.invokeExecute(DriverCommandExecutor.java:216)
	at org.openqa.selenium.remote.service.DriverCommandExecutor.execute(DriverCommandExecutor.java:174)
	at org.openqa.selenium.remote.RemoteWebDriver.execute(RemoteWebDriver.java:519)
	at org.openqa.selenium.remote.RemoteWebElement.execute(RemoteWebElement.java:223)
	at org.openqa.selenium.remote.RemoteWebElement.click(RemoteWebElement.java:76)
	at jdk.internal.reflect.GeneratedMethodAccessor5.invoke(Unknown Source)
	at java.base/jdk.internal.reflect.DelegatingMethodAccessorImpl.invoke(DelegatingMethodAccessorImpl.java:43)
	at java.base/java.lang.reflect.Method.invoke(Method.java:568)
	at org.openqa.selenium.support.pagefactory.internal.LocatingElementHandler.invoke(LocatingElementHandler.java:51)
	at jdk.proxy2/jdk.proxy2.$Proxy11.click(Unknown Source)
	at HomeAndGardenPage.clickBrandName(HomeAndGardenPage.java:74)
	at HomeAndGardenTest.testProductBrandName(HomeAndGardenTest.java:85)
	at java.base/jdk.internal.reflect.NativeMethodAccessorImpl.invoke0(Native Method)
	at java.base/jdk.internal.reflect.NativeMethodAccessorImpl.invoke(NativeMethodAccessorImpl.java:77)
	at java.base/jdk.internal.reflect.DelegatingMethodAccessorImpl.invoke(DelegatingMethodAccessorImpl.java:43)
	at java.base/java.lang.reflect.Method.invoke(Method.java:568)
	at org.testng.internal.invokers.MethodInvocationHelper.invokeMethod(MethodInvocationHelper.java:139)
	at org.testng.internal.invokers.TestInvoker.invokeMethod(TestInvoker.java:664)
	at org.testng.internal.invokers.TestInvoker.invokeTestMethod(TestInvoker.java:227)
	at org.testng.internal.invokers.MethodRunner.runInSequence(MethodRunner.java:50)
	at org.testng.internal.invokers.TestInvoker$MethodInvocationAgent.invoke(TestInvoker.java:957)
	at org.testng.internal.invokers.TestInvoker.invokeTestMethods(TestInvoker.java:200)
	at org.testng.internal.invokers.TestMethodWorker.invokeTestMethods(TestMethodWorker.java:148)
	at org.testng.internal.invokers.TestMethodWorker.run(TestMethodWorker.java:128)
	at java.base/java.util.ArrayList.forEach(ArrayList.java:1511)
	at org.testng.TestRunner.privateRun(TestRunner.java:848)
	at org.testng.TestRunner.run(TestRunner.java:621)
	at org.testng.SuiteRunner.runTest(SuiteRunner.java:443)
	at org.testng.SuiteRunner.runSequentially(SuiteRunner.java:437)
	at org.testng.SuiteRunner.privateRun(SuiteRunner.java:397)
	at org.testng.SuiteRunner.run(SuiteRunner.java:336)
	at org.testng.SuiteRunnerWorker.runSuite(SuiteRunnerWorker.java:52)
	at org.testng.SuiteRunnerWorker.run(SuiteRunnerWorker.java:95)
	at org.testng.TestNG.runSuitesSequentially(TestNG.java:1280)
	at org.testng.TestNG.runSuitesLocally(TestNG.java:1200)
	at org.testng.TestNG.runSuites(TestNG.java:1114)
	at org.testng.TestNG.run(TestNG.java:1082)
	at com.intellij.rt.testng.IDEARemoteTestNG.run(IDEARemoteTestNG.java:66)
	at com.intellij.rt.testng.RemoteTestNGStarter.main(RemoteTestNGStarter.java:105)
</textarea></pre></td>
                                                    </tr>
                                        </tbody>
                                    </table>
                                </div>
                            </div>
                        </li>
                        <li class='exception displayed active'>
                            <div class='exception-heading'>
                                <span class='exception-name'>org.openqa.selenium.NoSuchElementException</span>
                                <span class='exception-count right'><span class='label red lighten-1 white-text'>2</span></span>
                            </div>
                            <div class='exception-content hide'>
                                <div class='exception-tests'>
                                    <table class='bordered table-results'>
                                        <thead>
                                        <tr>
                                            <th>Timestamp</th>
                                            <th>TestName</th>
                                            <th>Status</th>
                                        </tr>
                                        </thead>
                                        <tbody>
                                                    <tr>
                                                        <td>Apr 3, 2024 01:22:42 PM</td>
                                                        <td class='linked' test-id='12'>testshopByCategory</td>
                                                        <td><pre><pre>org.openqa.selenium.NoSuchElementException: no such element: Unable to locate element: {"method":"xpath","selector":"//div[@class="gh-control"]"}
  (Session info: chrome=123.0.6312.105)
For documentation on this error, please visit: https://www.selenium.dev/documentation/webdriver/troubleshooting/errors#no-such-element-exception
Build info: version: '4.17.0', revision: 'e52b1be057*'
System info: os.name: 'Windows 11', os.arch: 'amd64', os.version: '10.0', java.version: '17.0.8'
Driver info: org.openqa.selenium.chrome.ChromeDriver
Command: [fb884f4ece355f70ba320376ca78e5b6, findElement {value=//div[@class="gh-control"], using=xpath}]
Capabilities {acceptInsecureCerts: false, browserName: chrome, browserVersion: 123.0.6312.105, chrome: {chromedriverVersion: 123.0.6312.86 (9b72c47a0536..., userDataDir: C:\Users\nibed\AppData\Loca...}, fedcm:accounts: true, goog:chromeOptions: {debuggerAddress: localhost:60005}, networkConnectionEnabled: false, pageLoadStrategy: normal, platformName: windows, proxy: Proxy(), se:cdp: ws://localhost:60005/devtoo..., se:cdpVersion: 123.0.6312.105, setWindowRect: true, strictFileInteractability: false, timeouts: {implicit: 0, pageLoad: 300000, script: 30000}, unhandledPromptBehavior: dismiss and notify, webauthn:extension:credBlob: true, webauthn:extension:largeBlob: true, webauthn:extension:minPinLength: true, webauthn:extension:prf: true, webauthn:virtualAuthenticators: true}
Session ID: fb884f4ece355f70ba320376ca78e5b6
	at java.base/jdk.internal.reflect.NativeConstructorAccessorImpl.newInstance0(Native Method)
	at java.base/jdk.internal.reflect.NativeConstructorAccessorImpl.newInstance(NativeConstructorAccessorImpl.java:77)
	at java.base/jdk.internal.reflect.DelegatingConstructorAccessorImpl.newInstance(DelegatingConstructorAccessorImpl.java:45)
	at java.base/java.lang.reflect.Constructor.newInstanceWithCaller(Constructor.java:499)
	at java.base/java.lang.reflect.Constructor.newInstance(Constructor.java:480)
	at org.openqa.selenium.remote.codec.w3c.W3CHttpResponseCodec.createException(W3CHttpResponseCodec.java:185)
	at org.openqa.selenium.remote.codec.w3c.W3CHttpResponseCodec.decode(W3CHttpResponseCodec.java:134)
	at org.openqa.selenium.remote.codec.w3c.W3CHttpResponseCodec.decode(W3CHttpResponseCodec.java:51)
	at org.openqa.selenium.remote.HttpCommandExecutor.execute(HttpCommandExecutor.java:190)
	at org.openqa.selenium.remote.service.DriverCommandExecutor.invokeExecute(DriverCommandExecutor.java:216)
	at org.openqa.selenium.remote.service.DriverCommandExecutor.execute(DriverCommandExecutor.java:174)
	at org.openqa.selenium.remote.RemoteWebDriver.execute(RemoteWebDriver.java:519)
	at org.openqa.selenium.remote.ElementLocation$ElementFinder$2.findElement(ElementLocation.java:165)
	at org.openqa.selenium.remote.ElementLocation.findElement(ElementLocation.java:59)
	at org.openqa.selenium.remote.RemoteWebDriver.findElement(RemoteWebDriver.java:356)
	at org.openqa.selenium.remote.RemoteWebDriver.findElement(RemoteWebDriver.java:350)
	at org.openqa.selenium.support.pagefactory.DefaultElementLocator.findElement(DefaultElementLocator.java:68)
	at org.openqa.selenium.support.pagefactory.internal.LocatingElementHandler.invoke(LocatingElementHandler.java:38)
	at jdk.proxy2/jdk.proxy2.$Proxy11.click(Unknown Source)
	at Homepage.clickshopByCategory(Homepage.java:101)
	at HomeTest.testshopByCategory(HomeTest.java:94)
	at java.base/jdk.internal.reflect.NativeMethodAccessorImpl.invoke0(Native Method)
	at java.base/jdk.internal.reflect.NativeMethodAccessorImpl.invoke(NativeMethodAccessorImpl.java:77)
	at java.base/jdk.internal.reflect.DelegatingMethodAccessorImpl.invoke(DelegatingMethodAccessorImpl.java:43)
	at java.base/java.lang.reflect.Method.invoke(Method.java:568)
	at org.testng.internal.invokers.MethodInvocationHelper.invokeMethod(MethodInvocationHelper.java:139)
	at org.testng.internal.invokers.TestInvoker.invokeMethod(TestInvoker.java:664)
	at org.testng.internal.invokers.TestInvoker.invokeTestMethod(TestInvoker.java:227)
	at org.testng.internal.invokers.MethodRunner.runInSequence(MethodRunner.java:50)
	at org.testng.internal.invokers.TestInvoker$MethodInvocationAgent.invoke(TestInvoker.java:957)
	at org.testng.internal.invokers.TestInvoker.invokeTestMethods(TestInvoker.java:200)
	at org.testng.internal.invokers.TestMethodWorker.invokeTestMethods(TestMethodWorker.java:148)
	at org.testng.internal.invokers.TestMethodWorker.run(TestMethodWorker.java:128)
	at java.base/java.util.ArrayList.forEach(ArrayList.java:1511)
	at org.testng.TestRunner.privateRun(TestRunner.java:848)
	at org.testng.TestRunner.run(TestRunner.java:621)
	at org.testng.SuiteRunner.runTest(SuiteRunner.java:443)
	at org.testng.SuiteRunner.runSequentially(SuiteRunner.java:437)
	at org.testng.SuiteRunner.privateRun(SuiteRunner.java:397)
	at org.testng.SuiteRunner.run(SuiteRunner.java:336)
	at org.testng.SuiteRunnerWorker.runSuite(SuiteRunnerWorker.java:52)
	at org.testng.SuiteRunnerWorker.run(SuiteRunnerWorker.java:95)
	at org.testng.TestNG.runSuitesSequentially(TestNG.java:1280)
	at org.testng.TestNG.runSuitesLocally(TestNG.java:1200)
	at org.testng.TestNG.runSuites(TestNG.java:1114)
	at org.testng.TestNG.run(TestNG.java:1082)
	at com.intellij.rt.testng.IDEARemoteTestNG.run(IDEARemoteTestNG.java:66)
	at com.intellij.rt.testng.RemoteTestNGStarter.main(RemoteTestNGStarter.java:105)
</pre></pre></td>
                                                    </tr>
                                                    <tr>
                                                        <td>Apr 3, 2024 01:22:55 PM</td>
                                                        <td class='linked' test-id='15'>testIssues</td>
                                                        <td><pre><pre>org.openqa.selenium.NoSuchElementException: no such element: Unable to locate element: {"method":"css selector","selector":"[id="_1_2"]"}
  (Session info: chrome=123.0.6312.105)
For documentation on this error, please visit: https://www.selenium.dev/documentation/webdriver/troubleshooting/errors#no-such-element-exception
Build info: version: '4.17.0', revision: 'e52b1be057*'
System info: os.name: 'Windows 11', os.arch: 'amd64', os.version: '10.0', java.version: '17.0.8'
Driver info: org.openqa.selenium.chrome.ChromeDriver
Command: [9f04fcdcde1f8b06a19d720fb7c74365, findElement {value=[id="_1_2"], using=css selector}]
Capabilities {acceptInsecureCerts: false, browserName: chrome, browserVersion: 123.0.6312.105, chrome: {chromedriverVersion: 123.0.6312.86 (9b72c47a0536..., userDataDir: C:\Users\nibed\AppData\Loca...}, fedcm:accounts: true, goog:chromeOptions: {debuggerAddress: localhost:60179}, networkConnectionEnabled: false, pageLoadStrategy: normal, platformName: windows, proxy: Proxy(), se:cdp: ws://localhost:60179/devtoo..., se:cdpVersion: 123.0.6312.105, setWindowRect: true, strictFileInteractability: false, timeouts: {implicit: 0, pageLoad: 300000, script: 30000}, unhandledPromptBehavior: dismiss and notify, webauthn:extension:credBlob: true, webauthn:extension:largeBlob: true, webauthn:extension:minPinLength: true, webauthn:extension:prf: true, webauthn:virtualAuthenticators: true}
Session ID: 9f04fcdcde1f8b06a19d720fb7c74365
	at java.base/jdk.internal.reflect.NativeConstructorAccessorImpl.newInstance0(Native Method)
	at java.base/jdk.internal.reflect.NativeConstructorAccessorImpl.newInstance(NativeConstructorAccessorImpl.java:77)
	at java.base/jdk.internal.reflect.DelegatingConstructorAccessorImpl.newInstance(DelegatingConstructorAccessorImpl.java:45)
	at java.base/java.lang.reflect.Constructor.newInstanceWithCaller(Constructor.java:499)
	at java.base/java.lang.reflect.Constructor.newInstance(Constructor.java:480)
	at org.openqa.selenium.remote.codec.w3c.W3CHttpResponseCodec.createException(W3CHttpResponseCodec.java:185)
	at org.openqa.selenium.remote.codec.w3c.W3CHttpResponseCodec.decode(W3CHttpResponseCodec.java:134)
	at org.openqa.selenium.remote.codec.w3c.W3CHttpResponseCodec.decode(W3CHttpResponseCodec.java:51)
	at org.openqa.selenium.remote.HttpCommandExecutor.execute(HttpCommandExecutor.java:190)
	at org.openqa.selenium.remote.service.DriverCommandExecutor.invokeExecute(DriverCommandExecutor.java:216)
	at org.openqa.selenium.remote.service.DriverCommandExecutor.execute(DriverCommandExecutor.java:174)
	at org.openqa.selenium.remote.RemoteWebDriver.execute(RemoteWebDriver.java:519)
	at org.openqa.selenium.remote.ElementLocation$ElementFinder$2.findElement(ElementLocation.java:165)
	at org.openqa.selenium.remote.ElementLocation.findElement(ElementLocation.java:59)
	at org.openqa.selenium.remote.RemoteWebDriver.findElement(RemoteWebDriver.java:356)
	at org.openqa.selenium.remote.RemoteWebDriver.findElement(RemoteWebDriver.java:350)
	at org.openqa.selenium.support.pagefactory.DefaultElementLocator.findElement(DefaultElementLocator.java:68)
	at org.openqa.selenium.support.pagefactory.internal.LocatingElementHandler.invoke(LocatingElementHandler.java:38)
	at jdk.proxy2/jdk.proxy2.$Proxy11.click(Unknown Source)
	at CartPage.clickIssues(CartPage.java:102)
	at CartTest.testIssues(CartTest.java:85)
	at java.base/jdk.internal.reflect.NativeMethodAccessorImpl.invoke0(Native Method)
	at java.base/jdk.internal.reflect.NativeMethodAccessorImpl.invoke(NativeMethodAccessorImpl.java:77)
	at java.base/jdk.internal.reflect.DelegatingMethodAccessorImpl.invoke(DelegatingMethodAccessorImpl.java:43)
	at java.base/java.lang.reflect.Method.invoke(Method.java:568)
	at org.testng.internal.invokers.MethodInvocationHelper.invokeMethod(MethodInvocationHelper.java:139)
	at org.testng.internal.invokers.TestInvoker.invokeMethod(TestInvoker.java:664)
	at org.testng.internal.invokers.TestInvoker.invokeTestMethod(TestInvoker.java:227)
	at org.testng.internal.invokers.MethodRunner.runInSequence(MethodRunner.java:50)
	at org.testng.internal.invokers.TestInvoker$MethodInvocationAgent.invoke(TestInvoker.java:957)
	at org.testng.internal.invokers.TestInvoker.invokeTestMethods(TestInvoker.java:200)
	at org.testng.internal.invokers.TestMethodWorker.invokeTestMethods(TestMethodWorker.java:148)
	at org.testng.internal.invokers.TestMethodWorker.run(TestMethodWorker.java:128)
	at java.base/java.util.ArrayList.forEach(ArrayList.java:1511)
	at org.testng.TestRunner.privateRun(TestRunner.java:848)
	at org.testng.TestRunner.run(TestRunner.java:621)
	at org.testng.SuiteRunner.runTest(SuiteRunner.java:443)
	at org.testng.SuiteRunner.runSequentially(SuiteRunner.java:437)
	at org.testng.SuiteRunner.privateRun(SuiteRunner.java:397)
	at org.testng.SuiteRunner.run(SuiteRunner.java:336)
	at org.testng.SuiteRunnerWorker.runSuite(SuiteRunnerWorker.java:52)
	at org.testng.SuiteRunnerWorker.run(SuiteRunnerWorker.java:95)
	at org.testng.TestNG.runSuitesSequentially(TestNG.java:1280)
	at org.testng.TestNG.runSuitesLocally(TestNG.java:1200)
	at org.testng.TestNG.runSuites(TestNG.java:1114)
	at org.testng.TestNG.run(TestNG.java:1082)
	at com.intellij.rt.testng.IDEARemoteTestNG.run(IDEARemoteTestNG.java:66)
	at com.intellij.rt.testng.RemoteTestNGStarter.main(RemoteTestNGStarter.java:105)
</pre></pre></td>
                                                    </tr>
                                        </tbody>
                                    </table>
                                </div>
                            </div>
                        </li>
                </ul>
        </div>
    </div>

    <div class='subview-right left'>
        <div class='view-summary'>
            <h5 class='exception-name'></h5>
        </div>
    </div>
</div>
<!-- exception view -->
<div id='dashboard-view' class='view hide'>
	<div class='card-panel transparent np-v'>
		<h5>Dashboard</h5>

		<div class='row'>
			<div class='col s2'>
				<div class='card-panel r'>
					Tests
					<div class='panel-lead'>30</div>
				</div>
			</div>
			<div class='col s2'>
				<div class='card-panel r'>
					Steps
					<div class='panel-lead'>8</div>
				</div>
			</div>
			<div class='col s2'>
				<div class='card-panel r'>
					Start
					<div class='panel-lead'>Apr 3, 2024 01:21:31 PM</div>
				</div>
			</div>
			<div class='col s2'>
				<div class='card-panel r'>
			 		End
			 		<div class='panel-lead'>Apr 3, 2024 01:24:32 PM</div>
				</div>
			</div>
			<div class='col s2'>
				<div class='card-panel r'>
					Time Taken
					<div class='panel-lead'>0h 3m 0s+730ms</div>
				</div>
			</div>
		</div>
	</div>
</div>
<!-- dashboard view -->
<!-- testrunner-logs view -->
		</div>
		<!-- container -->

		<script>
			var statusGroup = {
				passParent: 22,
				failParent: 8,
				fatalParent: 0,
				errorParent: 0,
				warningParent: 0,
				skipParent: 0,
				exceptionsParent: 8,
				
				passChild: 0,
				failChild: 8,
				fatalChild: 0,
				errorChild: 0,
				warningChild: 0,
				skipChild: 0,
				infoChild: 0,
				exceptionsChild: 8,
				
				passGrandChild: 0,
				failGrandChild: 0,
				fatalGrandChild: 0,
				errorGrandChild: 0,
				warningGrandChild: 0,
				skipGrandChild: 0,
				infoGrandChild: 0,
				exceptionsGrandChild: 0,
			};
		</script>
		
			<script src='https://cdn.rawgit.com/anshooarora/extentreports-java/fca20fb7653aade98810546ab96a2a4360e3e712/dist/js/extent.js' type='text/javascript'></script>
		
		
 		<script type='text/javascript'>
 		</script>
	</body>
	
</html>
